Hmm ... looks like a package

This is pdfTeX, Version 3.14159265-2.6-1.40.16 (TeX Live 2015/Debian) (preloaded format=pdflatex)
 restricted \write18 enabled.
entering extended mode
LaTeX2e <2016/02/01>
Babel <3.9q> and hyphenation patterns for 3 language(s) loaded.
(./Rd2.tex
(/usr/share/texlive/texmf-dist/tex/latex/base/book.cls
Document Class: book 2014/09/29 v1.4h Standard LaTeX document class
(/usr/share/texlive/texmf-dist/tex/latex/base/bk10.clo))
(/usr/share/R/share/texmf/tex/latex/Rd.sty
(/usr/share/texlive/texmf-dist/tex/latex/base/ifthen.sty)
(/usr/share/texlive/texmf-dist/tex/latex/tools/longtable.sty)
(/usr/share/texlive/texmf-dist/tex/latex/tools/bm.sty)
(/usr/share/texlive/texmf-dist/tex/latex/base/alltt.sty)
(/usr/share/texlive/texmf-dist/tex/latex/tools/verbatim.sty)
(/usr/share/texlive/texmf-dist/tex/latex/url/url.sty)
(/usr/share/texlive/texmf-dist/tex/latex/base/textcomp.sty
(/usr/share/texlive/texmf-dist/tex/latex/base/ts1enc.def))
(/usr/share/texlive/texmf-dist/tex/latex/base/fontenc.sty
(/usr/share/texlive/texmf-dist/tex/latex/base/t1enc.def))
(/usr/share/texlive/texmf-dist/tex/latex/psnfss/times.sty)
(/usr/share/texlive/texmf-dist/tex/latex/inconsolata/zi4.sty
`inconsolata-zi4' v1.10, 2016/02/22 Text macros for Inconsolata (msharpe)
(/usr/share/texlive/texmf-dist/tex/latex/graphics/keyval.sty))
(/usr/share/texlive/texmf-dist/tex/latex/graphics/color.sty
(/usr/share/texlive/texmf-dist/tex/latex/latexconfig/color.cfg)
(/usr/share/texlive/texmf-dist/tex/latex/pdftex-def/pdftex.def
(/usr/share/texlive/texmf-dist/tex/generic/oberdiek/infwarerr.sty)
(/usr/share/texlive/texmf-dist/tex/generic/oberdiek/ltxcmds.sty)))
(/usr/share/texlive/texmf-dist/tex/latex/hyperref/hyperref.sty
(/usr/share/texlive/texmf-dist/tex/generic/oberdiek/hobsub-hyperref.sty
(/usr/share/texlive/texmf-dist/tex/generic/oberdiek/hobsub-generic.sty))
(/usr/share/texlive/texmf-dist/tex/generic/ifxetex/ifxetex.sty)
(/usr/share/texlive/texmf-dist/tex/latex/oberdiek/auxhook.sty)
(/usr/share/texlive/texmf-dist/tex/latex/oberdiek/kvoptions.sty)
(/usr/share/texlive/texmf-dist/tex/latex/hyperref/pd1enc.def)
(/usr/share/texlive/texmf-dist/tex/latex/latexconfig/hyperref.cfg))

Package hyperref Message: Driver (autodetected): hpdftex.

(/usr/share/texlive/texmf-dist/tex/latex/hyperref/hpdftex.def
(/usr/share/texlive/texmf-dist/tex/latex/oberdiek/rerunfilecheck.sty))

Package hyperref Warning: Option `hyperindex' has already been used,
(hyperref)                setting the option has no effect on input line 366.


Package hyperref Warning: Option `pagebackref' has already been used,
(hyperref)                setting the option has no effect on input line 366.

) (/usr/share/texlive/texmf-dist/tex/latex/base/makeidx.sty)
(/usr/share/texlive/texmf-dist/tex/latex/base/inputenc.sty
(/usr/share/texlive/texmf-dist/tex/latex/base/utf8.def
(/usr/share/texlive/texmf-dist/tex/latex/base/t1enc.dfu)
(/usr/share/texlive/texmf-dist/tex/latex/base/ot1enc.dfu)
(/usr/share/texlive/texmf-dist/tex/latex/base/omsenc.dfu)
(/usr/share/texlive/texmf-dist/tex/latex/base/ts1enc.dfu))
(/usr/share/texlive/texmf-dist/tex/latex/base/latin1.def))
Writing index file Rd2.idx
No file Rd2.aux.
(/usr/share/texlive/texmf-dist/tex/latex/base/ts1cmr.fd)
(/usr/share/texlive/texmf-dist/tex/latex/psnfss/t1ptm.fd)
(/usr/share/texlive/texmf-dist/tex/context/base/supp-pdf.mkii
[Loading MPS to PDF converter (version 2006.09.02).]
) (/usr/share/texlive/texmf-dist/tex/latex/hyperref/nameref.sty
(/usr/share/texlive/texmf-dist/tex/generic/oberdiek/gettitlestring.sty))
(/usr/share/texlive/texmf-dist/tex/latex/inconsolata/t1zi4.fd)
(/usr/share/texlive/texmf-dist/tex/latex/psnfss/t1phv.fd)
(/usr/share/texlive/texmf-dist/tex/latex/base/utf8.def) [1{/var/lib/texmf/fonts
/map/pdftex/updmap/pdftex.map}] [2]
(/usr/share/texlive/texmf-dist/tex/latex/base/utf8.def)
Overfull \hbox (40.78088pt too wide) in paragraph at lines 145--145
 []       \T1/zi4/m/n/10 axsearch(par, fn=NULL, fmin=NULL, lower=NULL, upper=NU
LL, bdmsk=NULL, trace=0, ...)[] 

Overfull \hbox (12.35783pt too wide) in paragraph at lines 154--155
[]\T1/ptm/m/n/10 The value of the ob-jec-tive func-tion at the pa-ram-e-ters \T
1/zi4/m/n/10 par\T1/ptm/m/n/10 . ?? what if fmin==NULL? 
[3] [4]
Overfull \hbox (38.58093pt too wide) in paragraph at lines 222--222
 []\T1/zi4/m/n/9 abtrvm <- optimr(xx, bt.f, bt.g, lower=lower, upper=upper, met
hod="Rvmmin", control=list(trace=0))[] 

Overfull \hbox (117.78094pt too wide) in paragraph at lines 248--248
 []\T1/zi4/m/n/9 akktm <- kktchk(mabtrvm$par, bt.f, bt.g, hess=NULL, upper=uppe
r, lower=lower,  maximize=TRUE, control=list(trace=0))[] 
(/usr/share/texlive/texmf-dist/tex/latex/base/utf8.def) [5]
Overfull \hbox (25.78088pt too wide) in paragraph at lines 285--285
 []   \T1/zi4/m/n/10 bmchk(par, lower=NULL, upper=NULL, bdmsk=NULL, trace=0, to
l=NULL, shift2bound=TRUE)[] 
[6] (/usr/share/texlive/texmf-dist/tex/latex/base/utf8.def) [7]
(/usr/share/texlive/texmf-dist/tex/latex/base/utf8.def) [8]
(/usr/share/texlive/texmf-dist/tex/latex/psnfss/ts1ptm.fd)
Overfull \hbox (4.6892pt too wide) in paragraph at lines 514--516
[]\T1/ptm/m/n/10 Function re-turned non-numeric value; \T1/zi4/m/n/10 excode \T
1/ptm/m/n/10 = 0; \T1/zi4/m/n/10 excode \T1/ptm/m/n/10 = -1; \T1/zi4/m/n/10 inf
easible
[9]
Overfull \hbox (32.28091pt too wide) in paragraph at lines 574--574
 []\T1/zi4/m/n/9 opros<-list2env(list(fn=fr, gr=NULL, hess=NULL, MAXIMIZE=FALSE
, PARSCALE=rep(1,npar), FNSCALE=1,[] 
[10] (/usr/share/texlive/texmf-dist/tex/latex/base/utf8.def) [11] [12]
(/usr/share/texlive/texmf-dist/tex/latex/base/utf8.def) [13] [14]
Underfull \vbox (badness 10000) has occurred while \output is active [15]
Underfull \vbox (badness 10000) has occurred while \output is active [16]
(/usr/share/texlive/texmf-dist/tex/latex/base/utf8.def) [17]
(/usr/share/texlive/texmf-dist/tex/latex/base/utf8.def)
Overfull \vbox (7.39107pt too high) has occurred while \output is active
[18] (/usr/share/texlive/texmf-dist/tex/latex/base/utf8.def) [19]
Overfull \hbox (76.38141pt too wide) in paragraph at lines 1163--1163
 []                                                                        \T1/
zi4/m/n/9 x/2 - y * y/4) * ((y + y)/4) * cos(2 * x - exp(y))[] 
[20] (/usr/share/texlive/texmf-dist/tex/latex/base/utf8.def)
Underfull \vbox (badness 1924) has occurred while \output is active [21]
(/usr/share/texlive/texmf-dist/tex/latex/base/utf8.def) [22]
(/usr/share/texlive/texmf-dist/tex/latex/base/utf8.def)
Overfull \hbox (15.78088pt too wide) in paragraph at lines 1323--1323
 []   \T1/zi4/m/n/10 hesschk(xpar, ffn, ggr, hhess, trace=0, testtol=(.Machine$
double.eps)^(1/3), ...)[] 

Overfull \vbox (24.51595pt too high) has occurred while \output is active
[23] [24] (/usr/share/texlive/texmf-dist/tex/latex/base/utf8.def) [25] [26]
(/usr/share/texlive/texmf-dist/tex/latex/base/utf8.def) [27]
Overfull \hbox (475.08109pt too wide) in paragraph at lines 1618--1618
 []     \T1/zi4/m/n/9 warnstr<-"Parameters or bounds appear to have different s
calings.\n  This can cause poor performance in optimization. \n  It is importan
t for derivative free methods like BOBYQA, UOBYQA, NEWUOA."[] 
No file Rd2.ind.
[28] (/tmp/RtmpWJWMhF/Rd2pdf73e770c358a0/Rd2.aux)

Package rerunfilecheck Warning: File `Rd2.out' has changed.
(rerunfilecheck)                Rerun to get outlines right
(rerunfilecheck)                or use package `bookmark'.

 )
(see the transcript file for additional information)pdfTeX warning (dest): name
{Rfn.optim} has been referenced but does not exist, replaced by a fixed one

{/usr/share/texlive/texmf-dist/fonts/enc/dvips/base/8r.enc}{/usr/share/texlive/
texmf-dist/fonts/enc/dvips/inconsolata/i4-t1-0.enc}</usr/share/texlive/texmf-di
st/fonts/type1/public/inconsolata/Inconsolata-zi4r.pfb></usr/share/texlive/texm
f-dist/fonts/type1/urw/helvetic/uhvr8a.pfb></usr/share/texlive/texmf-dist/fonts
/type1/urw/times/utmb8a.pfb></usr/share/texlive/texmf-dist/fonts/type1/urw/time
s/utmr8a.pfb></usr/share/texlive/texmf-dist/fonts/type1/urw/times/utmr8a.pfb></
usr/share/texlive/texmf-dist/fonts/type1/urw/times/utmri8a.pfb>
Output written on Rd2.pdf (28 pages, 129910 bytes).
Transcript written on Rd2.log.
This is pdfTeX, Version 3.14159265-2.6-1.40.16 (TeX Live 2015/Debian) (preloaded format=pdflatex)
 restricted \write18 enabled.
entering extended mode
LaTeX2e <2016/02/01>
Babel <3.9q> and hyphenation patterns for 3 language(s) loaded.
(./Rd2.tex
(/usr/share/texlive/texmf-dist/tex/latex/base/book.cls
Document Class: book 2014/09/29 v1.4h Standard LaTeX document class
(/usr/share/texlive/texmf-dist/tex/latex/base/bk10.clo))
(/usr/share/R/share/texmf/tex/latex/Rd.sty
(/usr/share/texlive/texmf-dist/tex/latex/base/ifthen.sty)
(/usr/share/texlive/texmf-dist/tex/latex/tools/longtable.sty)
(/usr/share/texlive/texmf-dist/tex/latex/tools/bm.sty)
(/usr/share/texlive/texmf-dist/tex/latex/base/alltt.sty)
(/usr/share/texlive/texmf-dist/tex/latex/tools/verbatim.sty)
(/usr/share/texlive/texmf-dist/tex/latex/url/url.sty)
(/usr/share/texlive/texmf-dist/tex/latex/base/textcomp.sty
(/usr/share/texlive/texmf-dist/tex/latex/base/ts1enc.def))
(/usr/share/texlive/texmf-dist/tex/latex/base/fontenc.sty
(/usr/share/texlive/texmf-dist/tex/latex/base/t1enc.def))
(/usr/share/texlive/texmf-dist/tex/latex/psnfss/times.sty)
(/usr/share/texlive/texmf-dist/tex/latex/inconsolata/zi4.sty
`inconsolata-zi4' v1.10, 2016/02/22 Text macros for Inconsolata (msharpe)
(/usr/share/texlive/texmf-dist/tex/latex/graphics/keyval.sty))
(/usr/share/texlive/texmf-dist/tex/latex/graphics/color.sty
(/usr/share/texlive/texmf-dist/tex/latex/latexconfig/color.cfg)
(/usr/share/texlive/texmf-dist/tex/latex/pdftex-def/pdftex.def
(/usr/share/texlive/texmf-dist/tex/generic/oberdiek/infwarerr.sty)
(/usr/share/texlive/texmf-dist/tex/generic/oberdiek/ltxcmds.sty)))
(/usr/share/texlive/texmf-dist/tex/latex/hyperref/hyperref.sty
(/usr/share/texlive/texmf-dist/tex/generic/oberdiek/hobsub-hyperref.sty
(/usr/share/texlive/texmf-dist/tex/generic/oberdiek/hobsub-generic.sty))
(/usr/share/texlive/texmf-dist/tex/generic/ifxetex/ifxetex.sty)
(/usr/share/texlive/texmf-dist/tex/latex/oberdiek/auxhook.sty)
(/usr/share/texlive/texmf-dist/tex/latex/oberdiek/kvoptions.sty)
(/usr/share/texlive/texmf-dist/tex/latex/hyperref/pd1enc.def)
(/usr/share/texlive/texmf-dist/tex/latex/latexconfig/hyperref.cfg))

Package hyperref Message: Driver (autodetected): hpdftex.

(/usr/share/texlive/texmf-dist/tex/latex/hyperref/hpdftex.def
(/usr/share/texlive/texmf-dist/tex/latex/oberdiek/rerunfilecheck.sty))

Package hyperref Warning: Option `hyperindex' has already been used,
(hyperref)                setting the option has no effect on input line 366.


Package hyperref Warning: Option `pagebackref' has already been used,
(hyperref)                setting the option has no effect on input line 366.

) (/usr/share/texlive/texmf-dist/tex/latex/base/makeidx.sty)
(/usr/share/texlive/texmf-dist/tex/latex/base/inputenc.sty
(/usr/share/texlive/texmf-dist/tex/latex/base/utf8.def
(/usr/share/texlive/texmf-dist/tex/latex/base/t1enc.dfu)
(/usr/share/texlive/texmf-dist/tex/latex/base/ot1enc.dfu)
(/usr/share/texlive/texmf-dist/tex/latex/base/omsenc.dfu)
(/usr/share/texlive/texmf-dist/tex/latex/base/ts1enc.dfu))
(/usr/share/texlive/texmf-dist/tex/latex/base/latin1.def))
Writing index file Rd2.idx
(/tmp/RtmpWJWMhF/Rd2pdf73e770c358a0/Rd2.aux)
(/usr/share/texlive/texmf-dist/tex/latex/base/ts1cmr.fd)
(/usr/share/texlive/texmf-dist/tex/latex/psnfss/t1ptm.fd)
(/usr/share/texlive/texmf-dist/tex/context/base/supp-pdf.mkii
[Loading MPS to PDF converter (version 2006.09.02).]
) (/usr/share/texlive/texmf-dist/tex/latex/hyperref/nameref.sty
(/usr/share/texlive/texmf-dist/tex/generic/oberdiek/gettitlestring.sty))
(/tmp/RtmpWJWMhF/Rd2pdf73e770c358a0/Rd2.out)
(/tmp/RtmpWJWMhF/Rd2pdf73e770c358a0/Rd2.out)
(/usr/share/texlive/texmf-dist/tex/latex/inconsolata/t1zi4.fd)
(/usr/share/texlive/texmf-dist/tex/latex/psnfss/t1phv.fd)
(/tmp/RtmpWJWMhF/Rd2pdf73e770c358a0/Rd2.toc [1{/var/lib/texmf/fonts/map/pdftex/
updmap/pdftex.map}]) (/usr/share/texlive/texmf-dist/tex/latex/base/utf8.def)
[2] (/usr/share/texlive/texmf-dist/tex/latex/base/utf8.def)
Overfull \hbox (40.78088pt too wide) in paragraph at lines 145--145
 []       \T1/zi4/m/n/10 axsearch(par, fn=NULL, fmin=NULL, lower=NULL, upper=NU
LL, bdmsk=NULL, trace=0, ...)[] 
[3]
Overfull \hbox (12.35783pt too wide) in paragraph at lines 154--155
[]\T1/ptm/m/n/10 The value of the ob-jec-tive func-tion at the pa-ram-e-ters \T
1/zi4/m/n/10 par\T1/ptm/m/n/10 . ?? what if fmin==NULL? 
[4]
Overfull \hbox (38.58093pt too wide) in paragraph at lines 222--222
 []\T1/zi4/m/n/9 abtrvm <- optimr(xx, bt.f, bt.g, lower=lower, upper=upper, met
hod="Rvmmin", control=list(trace=0))[] 

Overfull \hbox (117.78094pt too wide) in paragraph at lines 248--248
 []\T1/zi4/m/n/9 akktm <- kktchk(mabtrvm$par, bt.f, bt.g, hess=NULL, upper=uppe
r, lower=lower,  maximize=TRUE, control=list(trace=0))[] 
(/usr/share/texlive/texmf-dist/tex/latex/base/utf8.def) [5]
Overfull \hbox (25.78088pt too wide) in paragraph at lines 285--285
 []   \T1/zi4/m/n/10 bmchk(par, lower=NULL, upper=NULL, bdmsk=NULL, trace=0, to
l=NULL, shift2bound=TRUE)[] 
[6] [7] (/usr/share/texlive/texmf-dist/tex/latex/base/utf8.def) [8]
(/usr/share/texlive/texmf-dist/tex/latex/base/utf8.def) [9]
(/usr/share/texlive/texmf-dist/tex/latex/psnfss/ts1ptm.fd)
Overfull \hbox (4.6892pt too wide) in paragraph at lines 514--516
[]\T1/ptm/m/n/10 Function re-turned non-numeric value; \T1/zi4/m/n/10 excode \T
1/ptm/m/n/10 = 0; \T1/zi4/m/n/10 excode \T1/ptm/m/n/10 = -1; \T1/zi4/m/n/10 inf
easible
[10]
Overfull \hbox (32.28091pt too wide) in paragraph at lines 574--574
 []\T1/zi4/m/n/9 opros<-list2env(list(fn=fr, gr=NULL, hess=NULL, MAXIMIZE=FALSE
, PARSCALE=rep(1,npar), FNSCALE=1,[] 
(/usr/share/texlive/texmf-dist/tex/latex/base/utf8.def) [11] [12]
(/usr/share/texlive/texmf-dist/tex/latex/base/utf8.def) [13] [14]
Underfull \vbox (badness 3803) has occurred while \output is active [15]
Underfull \vbox (badness 10000) has occurred while \output is active [16]
(/usr/share/texlive/texmf-dist/tex/latex/base/utf8.def)
Overfull \vbox (7.39107pt too high) has occurred while \output is active
[17] (/usr/share/texlive/texmf-dist/tex/latex/base/utf8.def) [18]
(/usr/share/texlive/texmf-dist/tex/latex/base/utf8.def) [19] [20]
Overfull \hbox (76.38141pt too wide) in paragraph at lines 1163--1163
 []                                                                        \T1/
zi4/m/n/9 x/2 - y * y/4) * ((y + y)/4) * cos(2 * x - exp(y))[] 
(/usr/share/texlive/texmf-dist/tex/latex/base/utf8.def) [21]
(/usr/share/texlive/texmf-dist/tex/latex/base/utf8.def) [22]
(/usr/share/texlive/texmf-dist/tex/latex/base/utf8.def) [23]
Overfull \hbox (15.78088pt too wide) in paragraph at lines 1323--1323
 []   \T1/zi4/m/n/10 hesschk(xpar, ffn, ggr, hhess, trace=0, testtol=(.Machine$
double.eps)^(1/3), ...)[] 
[24] [25] (/usr/share/texlive/texmf-dist/tex/latex/base/utf8.def) [26]
(/usr/share/texlive/texmf-dist/tex/latex/base/utf8.def) [27] [28]
Overfull \hbox (475.08109pt too wide) in paragraph at lines 1618--1618
 []     \T1/zi4/m/n/9 warnstr<-"Parameters or bounds appear to have different s
calings.\n  This can cause poor performance in optimization. \n  It is importan
t for derivative free methods like BOBYQA, UOBYQA, NEWUOA."[] 
No file Rd2.ind.
[29] (/tmp/RtmpWJWMhF/Rd2pdf73e770c358a0/Rd2.aux) )
(see the transcript file for additional information)pdfTeX warning (dest): name
{Rfn.optim} has been referenced but does not exist, replaced by a fixed one

{/usr/share/texlive/texmf-dist/fonts/enc/dvips/base/8r.enc}{/usr/share/texlive/
texmf-dist/fonts/enc/dvips/inconsolata/i4-t1-0.enc}</usr/share/texlive/texmf-di
st/fonts/type1/public/inconsolata/Inconsolata-zi4r.pfb></usr/share/texlive/texm
f-dist/fonts/type1/urw/helvetic/uhvr8a.pfb></usr/share/texlive/texmf-dist/fonts
/type1/urw/times/utmb8a.pfb></usr/share/texlive/texmf-dist/fonts/type1/urw/time
s/utmr8a.pfb></usr/share/texlive/texmf-dist/fonts/type1/urw/times/utmr8a.pfb></
usr/share/texlive/texmf-dist/fonts/type1/urw/times/utmri8a.pfb>
Output written on Rd2.pdf (29 pages, 131687 bytes).
Transcript written on Rd2.log.
This is makeindex, version 2.15 [TeX Live 2015] (kpathsea + Thai support).
Scanning input file Rd2.idx....done (56 entries accepted, 0 rejected).
Sorting entries....done (368 comparisons).
Generating output file Rd2.ind....done (95 lines written, 0 warnings).
Output written in Rd2.ind.
Transcript written in Rd2.ilg.
This is pdfTeX, Version 3.14159265-2.6-1.40.16 (TeX Live 2015/Debian) (preloaded format=pdflatex)
 restricted \write18 enabled.
entering extended mode
LaTeX2e <2016/02/01>
Babel <3.9q> and hyphenation patterns for 3 language(s) loaded.
(./Rd2.tex
(/usr/share/texlive/texmf-dist/tex/latex/base/book.cls
Document Class: book 2014/09/29 v1.4h Standard LaTeX document class
(/usr/share/texlive/texmf-dist/tex/latex/base/bk10.clo))
(/usr/share/R/share/texmf/tex/latex/Rd.sty
(/usr/share/texlive/texmf-dist/tex/latex/base/ifthen.sty)
(/usr/share/texlive/texmf-dist/tex/latex/tools/longtable.sty)
(/usr/share/texlive/texmf-dist/tex/latex/tools/bm.sty)
(/usr/share/texlive/texmf-dist/tex/latex/base/alltt.sty)
(/usr/share/texlive/texmf-dist/tex/latex/tools/verbatim.sty)
(/usr/share/texlive/texmf-dist/tex/latex/url/url.sty)
(/usr/share/texlive/texmf-dist/tex/latex/base/textcomp.sty
(/usr/share/texlive/texmf-dist/tex/latex/base/ts1enc.def))
(/usr/share/texlive/texmf-dist/tex/latex/base/fontenc.sty
(/usr/share/texlive/texmf-dist/tex/latex/base/t1enc.def))
(/usr/share/texlive/texmf-dist/tex/latex/psnfss/times.sty)
(/usr/share/texlive/texmf-dist/tex/latex/inconsolata/zi4.sty
`inconsolata-zi4' v1.10, 2016/02/22 Text macros for Inconsolata (msharpe)
(/usr/share/texlive/texmf-dist/tex/latex/graphics/keyval.sty))
(/usr/share/texlive/texmf-dist/tex/latex/graphics/color.sty
(/usr/share/texlive/texmf-dist/tex/latex/latexconfig/color.cfg)
(/usr/share/texlive/texmf-dist/tex/latex/pdftex-def/pdftex.def
(/usr/share/texlive/texmf-dist/tex/generic/oberdiek/infwarerr.sty)
(/usr/share/texlive/texmf-dist/tex/generic/oberdiek/ltxcmds.sty)))
(/usr/share/texlive/texmf-dist/tex/latex/hyperref/hyperref.sty
(/usr/share/texlive/texmf-dist/tex/generic/oberdiek/hobsub-hyperref.sty
(/usr/share/texlive/texmf-dist/tex/generic/oberdiek/hobsub-generic.sty))
(/usr/share/texlive/texmf-dist/tex/generic/ifxetex/ifxetex.sty)
(/usr/share/texlive/texmf-dist/tex/latex/oberdiek/auxhook.sty)
(/usr/share/texlive/texmf-dist/tex/latex/oberdiek/kvoptions.sty)
(/usr/share/texlive/texmf-dist/tex/latex/hyperref/pd1enc.def)
(/usr/share/texlive/texmf-dist/tex/latex/latexconfig/hyperref.cfg))

Package hyperref Message: Driver (autodetected): hpdftex.

(/usr/share/texlive/texmf-dist/tex/latex/hyperref/hpdftex.def
(/usr/share/texlive/texmf-dist/tex/latex/oberdiek/rerunfilecheck.sty))

Package hyperref Warning: Option `hyperindex' has already been used,
(hyperref)                setting the option has no effect on input line 366.


Package hyperref Warning: Option `pagebackref' has already been used,
(hyperref)                setting the option has no effect on input line 366.

) (/usr/share/texlive/texmf-dist/tex/latex/base/makeidx.sty)
(/usr/share/texlive/texmf-dist/tex/latex/base/inputenc.sty
(/usr/share/texlive/texmf-dist/tex/latex/base/utf8.def
(/usr/share/texlive/texmf-dist/tex/latex/base/t1enc.dfu)
(/usr/share/texlive/texmf-dist/tex/latex/base/ot1enc.dfu)
(/usr/share/texlive/texmf-dist/tex/latex/base/omsenc.dfu)
(/usr/share/texlive/texmf-dist/tex/latex/base/ts1enc.dfu))
(/usr/share/texlive/texmf-dist/tex/latex/base/latin1.def))
Writing index file Rd2.idx
(/tmp/RtmpWJWMhF/Rd2pdf73e770c358a0/Rd2.aux)
(/usr/share/texlive/texmf-dist/tex/latex/base/ts1cmr.fd)
(/usr/share/texlive/texmf-dist/tex/latex/psnfss/t1ptm.fd)
(/usr/share/texlive/texmf-dist/tex/context/base/supp-pdf.mkii
[Loading MPS to PDF converter (version 2006.09.02).]
) (/usr/share/texlive/texmf-dist/tex/latex/hyperref/nameref.sty
(/usr/share/texlive/texmf-dist/tex/generic/oberdiek/gettitlestring.sty))
(/tmp/RtmpWJWMhF/Rd2pdf73e770c358a0/Rd2.out)
(/tmp/RtmpWJWMhF/Rd2pdf73e770c358a0/Rd2.out)
(/usr/share/texlive/texmf-dist/tex/latex/inconsolata/t1zi4.fd)
(/usr/share/texlive/texmf-dist/tex/latex/psnfss/t1phv.fd)
(/tmp/RtmpWJWMhF/Rd2pdf73e770c358a0/Rd2.toc [1{/var/lib/texmf/fonts/map/pdftex/
updmap/pdftex.map}]) (/usr/share/texlive/texmf-dist/tex/latex/base/utf8.def)
[2] (/usr/share/texlive/texmf-dist/tex/latex/base/utf8.def)
Overfull \hbox (40.78088pt too wide) in paragraph at lines 145--145
 []       \T1/zi4/m/n/10 axsearch(par, fn=NULL, fmin=NULL, lower=NULL, upper=NU
LL, bdmsk=NULL, trace=0, ...)[] 
[3]
Overfull \hbox (12.35783pt too wide) in paragraph at lines 154--155
[]\T1/ptm/m/n/10 The value of the ob-jec-tive func-tion at the pa-ram-e-ters \T
1/zi4/m/n/10 par\T1/ptm/m/n/10 . ?? what if fmin==NULL? 
[4]
Overfull \hbox (38.58093pt too wide) in paragraph at lines 222--222
 []\T1/zi4/m/n/9 abtrvm <- optimr(xx, bt.f, bt.g, lower=lower, upper=upper, met
hod="Rvmmin", control=list(trace=0))[] 

Overfull \hbox (117.78094pt too wide) in paragraph at lines 248--248
 []\T1/zi4/m/n/9 akktm <- kktchk(mabtrvm$par, bt.f, bt.g, hess=NULL, upper=uppe
r, lower=lower,  maximize=TRUE, control=list(trace=0))[] 
(/usr/share/texlive/texmf-dist/tex/latex/base/utf8.def) [5]
Overfull \hbox (25.78088pt too wide) in paragraph at lines 285--285
 []   \T1/zi4/m/n/10 bmchk(par, lower=NULL, upper=NULL, bdmsk=NULL, trace=0, to
l=NULL, shift2bound=TRUE)[] 
[6] [7] (/usr/share/texlive/texmf-dist/tex/latex/base/utf8.def) [8]
(/usr/share/texlive/texmf-dist/tex/latex/base/utf8.def) [9]
(/usr/share/texlive/texmf-dist/tex/latex/psnfss/ts1ptm.fd)
Overfull \hbox (4.6892pt too wide) in paragraph at lines 514--516
[]\T1/ptm/m/n/10 Function re-turned non-numeric value; \T1/zi4/m/n/10 excode \T
1/ptm/m/n/10 = 0; \T1/zi4/m/n/10 excode \T1/ptm/m/n/10 = -1; \T1/zi4/m/n/10 inf
easible
[10]
Overfull \hbox (32.28091pt too wide) in paragraph at lines 574--574
 []\T1/zi4/m/n/9 opros<-list2env(list(fn=fr, gr=NULL, hess=NULL, MAXIMIZE=FALSE
, PARSCALE=rep(1,npar), FNSCALE=1,[] 
(/usr/share/texlive/texmf-dist/tex/latex/base/utf8.def) [11] [12]
(/usr/share/texlive/texmf-dist/tex/latex/base/utf8.def) [13] [14]
Underfull \vbox (badness 3803) has occurred while \output is active [15]
Underfull \vbox (badness 10000) has occurred while \output is active [16]
(/usr/share/texlive/texmf-dist/tex/latex/base/utf8.def)
Overfull \vbox (7.39107pt too high) has occurred while \output is active
[17] (/usr/share/texlive/texmf-dist/tex/latex/base/utf8.def) [18]
(/usr/share/texlive/texmf-dist/tex/latex/base/utf8.def) [19] [20]
Overfull \hbox (76.38141pt too wide) in paragraph at lines 1163--1163
 []                                                                        \T1/
zi4/m/n/9 x/2 - y * y/4) * ((y + y)/4) * cos(2 * x - exp(y))[] 
(/usr/share/texlive/texmf-dist/tex/latex/base/utf8.def) [21]
(/usr/share/texlive/texmf-dist/tex/latex/base/utf8.def) [22]
(/usr/share/texlive/texmf-dist/tex/latex/base/utf8.def) [23]
Overfull \hbox (15.78088pt too wide) in paragraph at lines 1323--1323
 []   \T1/zi4/m/n/10 hesschk(xpar, ffn, ggr, hhess, trace=0, testtol=(.Machine$
double.eps)^(1/3), ...)[] 
[24] [25] (/usr/share/texlive/texmf-dist/tex/latex/base/utf8.def) [26]
(/usr/share/texlive/texmf-dist/tex/latex/base/utf8.def) [27] [28]
Overfull \hbox (475.08109pt too wide) in paragraph at lines 1618--1618
 []     \T1/zi4/m/n/9 warnstr<-"Parameters or bounds appear to have different s
calings.\n  This can cause poor performance in optimization. \n  It is importan
t for derivative free methods like BOBYQA, UOBYQA, NEWUOA."[] 
(/tmp/RtmpWJWMhF/Rd2pdf73e770c358a0/Rd2.ind [29]

LaTeX Font Warning: Font shape `T1/zi4/m/it' undefined
(Font)              using `T1/zi4/m/n' instead on input line 85.

[30]) (/tmp/RtmpWJWMhF/Rd2pdf73e770c358a0/Rd2.aux)

Package rerunfilecheck Warning: File `Rd2.out' has changed.
(rerunfilecheck)                Rerun to get outlines right
(rerunfilecheck)                or use package `bookmark'.


LaTeX Font Warning: Some font shapes were not available, defaults substituted.

 )
(see the transcript file for additional information)pdfTeX warning (dest): name
{Rfn.optim} has been referenced but does not exist, replaced by a fixed one

{/usr/share/texlive/texmf-dist/fonts/enc/dvips/base/8r.enc}{/usr/share/texlive/
texmf-dist/fonts/enc/dvips/inconsolata/i4-t1-0.enc}</usr/share/texlive/texmf-di
st/fonts/type1/public/inconsolata/Inconsolata-zi4r.pfb></usr/share/texlive/texm
f-dist/fonts/type1/public/amsfonts/cm/cmsy10.pfb></usr/share/texlive/texmf-dist
/fonts/type1/urw/helvetic/uhvr8a.pfb></usr/share/texlive/texmf-dist/fonts/type1
/urw/times/utmb8a.pfb></usr/share/texlive/texmf-dist/fonts/type1/urw/times/utmr
8a.pfb></usr/share/texlive/texmf-dist/fonts/type1/urw/times/utmr8a.pfb></usr/sh
are/texlive/texmf-dist/fonts/type1/urw/times/utmri8a.pfb>
Output written on Rd2.pdf (30 pages, 142534 bytes).
Transcript written on Rd2.log.
This is makeindex, version 2.15 [TeX Live 2015] (kpathsea + Thai support).
Scanning input file Rd2.idx....done (56 entries accepted, 0 rejected).
Sorting entries....done (368 comparisons).
Generating output file Rd2.ind....done (95 lines written, 0 warnings).
Output written in Rd2.ind.
Transcript written in Rd2.ilg.
This is pdfTeX, Version 3.14159265-2.6-1.40.16 (TeX Live 2015/Debian) (preloaded format=pdflatex)
 restricted \write18 enabled.
entering extended mode
LaTeX2e <2016/02/01>
Babel <3.9q> and hyphenation patterns for 3 language(s) loaded.
(./Rd2.tex
(/usr/share/texlive/texmf-dist/tex/latex/base/book.cls
Document Class: book 2014/09/29 v1.4h Standard LaTeX document class
(/usr/share/texlive/texmf-dist/tex/latex/base/bk10.clo))
(/usr/share/R/share/texmf/tex/latex/Rd.sty
(/usr/share/texlive/texmf-dist/tex/latex/base/ifthen.sty)
(/usr/share/texlive/texmf-dist/tex/latex/tools/longtable.sty)
(/usr/share/texlive/texmf-dist/tex/latex/tools/bm.sty)
(/usr/share/texlive/texmf-dist/tex/latex/base/alltt.sty)
(/usr/share/texlive/texmf-dist/tex/latex/tools/verbatim.sty)
(/usr/share/texlive/texmf-dist/tex/latex/url/url.sty)
(/usr/share/texlive/texmf-dist/tex/latex/base/textcomp.sty
(/usr/share/texlive/texmf-dist/tex/latex/base/ts1enc.def))
(/usr/share/texlive/texmf-dist/tex/latex/base/fontenc.sty
(/usr/share/texlive/texmf-dist/tex/latex/base/t1enc.def))
(/usr/share/texlive/texmf-dist/tex/latex/psnfss/times.sty)
(/usr/share/texlive/texmf-dist/tex/latex/inconsolata/zi4.sty
`inconsolata-zi4' v1.10, 2016/02/22 Text macros for Inconsolata (msharpe)
(/usr/share/texlive/texmf-dist/tex/latex/graphics/keyval.sty))
(/usr/share/texlive/texmf-dist/tex/latex/graphics/color.sty
(/usr/share/texlive/texmf-dist/tex/latex/latexconfig/color.cfg)
(/usr/share/texlive/texmf-dist/tex/latex/pdftex-def/pdftex.def
(/usr/share/texlive/texmf-dist/tex/generic/oberdiek/infwarerr.sty)
(/usr/share/texlive/texmf-dist/tex/generic/oberdiek/ltxcmds.sty)))
(/usr/share/texlive/texmf-dist/tex/latex/hyperref/hyperref.sty
(/usr/share/texlive/texmf-dist/tex/generic/oberdiek/hobsub-hyperref.sty
(/usr/share/texlive/texmf-dist/tex/generic/oberdiek/hobsub-generic.sty))
(/usr/share/texlive/texmf-dist/tex/generic/ifxetex/ifxetex.sty)
(/usr/share/texlive/texmf-dist/tex/latex/oberdiek/auxhook.sty)
(/usr/share/texlive/texmf-dist/tex/latex/oberdiek/kvoptions.sty)
(/usr/share/texlive/texmf-dist/tex/latex/hyperref/pd1enc.def)
(/usr/share/texlive/texmf-dist/tex/latex/latexconfig/hyperref.cfg))

Package hyperref Message: Driver (autodetected): hpdftex.

(/usr/share/texlive/texmf-dist/tex/latex/hyperref/hpdftex.def
(/usr/share/texlive/texmf-dist/tex/latex/oberdiek/rerunfilecheck.sty))

Package hyperref Warning: Option `hyperindex' has already been used,
(hyperref)                setting the option has no effect on input line 366.


Package hyperref Warning: Option `pagebackref' has already been used,
(hyperref)                setting the option has no effect on input line 366.

) (/usr/share/texlive/texmf-dist/tex/latex/base/makeidx.sty)
(/usr/share/texlive/texmf-dist/tex/latex/base/inputenc.sty
(/usr/share/texlive/texmf-dist/tex/latex/base/utf8.def
(/usr/share/texlive/texmf-dist/tex/latex/base/t1enc.dfu)
(/usr/share/texlive/texmf-dist/tex/latex/base/ot1enc.dfu)
(/usr/share/texlive/texmf-dist/tex/latex/base/omsenc.dfu)
(/usr/share/texlive/texmf-dist/tex/latex/base/ts1enc.dfu))
(/usr/share/texlive/texmf-dist/tex/latex/base/latin1.def))
Writing index file Rd2.idx
(/tmp/RtmpWJWMhF/Rd2pdf73e770c358a0/Rd2.aux)
(/usr/share/texlive/texmf-dist/tex/latex/base/ts1cmr.fd)
(/usr/share/texlive/texmf-dist/tex/latex/psnfss/t1ptm.fd)
(/usr/share/texlive/texmf-dist/tex/context/base/supp-pdf.mkii
[Loading MPS to PDF converter (version 2006.09.02).]
) (/usr/share/texlive/texmf-dist/tex/latex/hyperref/nameref.sty
(/usr/share/texlive/texmf-dist/tex/generic/oberdiek/gettitlestring.sty))
(/tmp/RtmpWJWMhF/Rd2pdf73e770c358a0/Rd2.out)
(/tmp/RtmpWJWMhF/Rd2pdf73e770c358a0/Rd2.out)
(/usr/share/texlive/texmf-dist/tex/latex/inconsolata/t1zi4.fd)
(/usr/share/texlive/texmf-dist/tex/latex/psnfss/t1phv.fd)
(/tmp/RtmpWJWMhF/Rd2pdf73e770c358a0/Rd2.toc [1{/var/lib/texmf/fonts/map/pdftex/
updmap/pdftex.map}]) (/usr/share/texlive/texmf-dist/tex/latex/base/utf8.def)
[2] (/usr/share/texlive/texmf-dist/tex/latex/base/utf8.def)
Overfull \hbox (40.78088pt too wide) in paragraph at lines 145--145
 []       \T1/zi4/m/n/10 axsearch(par, fn=NULL, fmin=NULL, lower=NULL, upper=NU
LL, bdmsk=NULL, trace=0, ...)[] 
[3]
Overfull \hbox (12.35783pt too wide) in paragraph at lines 154--155
[]\T1/ptm/m/n/10 The value of the ob-jec-tive func-tion at the pa-ram-e-ters \T
1/zi4/m/n/10 par\T1/ptm/m/n/10 . ?? what if fmin==NULL? 
[4]
Overfull \hbox (38.58093pt too wide) in paragraph at lines 222--222
 []\T1/zi4/m/n/9 abtrvm <- optimr(xx, bt.f, bt.g, lower=lower, upper=upper, met
hod="Rvmmin", control=list(trace=0))[] 

Overfull \hbox (117.78094pt too wide) in paragraph at lines 248--248
 []\T1/zi4/m/n/9 akktm <- kktchk(mabtrvm$par, bt.f, bt.g, hess=NULL, upper=uppe
r, lower=lower,  maximize=TRUE, control=list(trace=0))[] 

Underfull \vbox (badness 10000) has occurred while \output is active [5]
(/usr/share/texlive/texmf-dist/tex/latex/base/utf8.def)
Overfull \hbox (25.78088pt too wide) in paragraph at lines 285--285
 []   \T1/zi4/m/n/10 bmchk(par, lower=NULL, upper=NULL, bdmsk=NULL, trace=0, to
l=NULL, shift2bound=TRUE)[] 
[6] [7] (/usr/share/texlive/texmf-dist/tex/latex/base/utf8.def) [8]
(/usr/share/texlive/texmf-dist/tex/latex/base/utf8.def) [9]
(/usr/share/texlive/texmf-dist/tex/latex/psnfss/ts1ptm.fd)
Overfull \hbox (4.6892pt too wide) in paragraph at lines 514--516
[]\T1/ptm/m/n/10 Function re-turned non-numeric value; \T1/zi4/m/n/10 excode \T
1/ptm/m/n/10 = 0; \T1/zi4/m/n/10 excode \T1/ptm/m/n/10 = -1; \T1/zi4/m/n/10 inf
easible
[10]
Overfull \hbox (32.28091pt too wide) in paragraph at lines 574--574
 []\T1/zi4/m/n/9 opros<-list2env(list(fn=fr, gr=NULL, hess=NULL, MAXIMIZE=FALSE
, PARSCALE=rep(1,npar), FNSCALE=1,[] 
(/usr/share/texlive/texmf-dist/tex/latex/base/utf8.def) [11] [12]
(/usr/share/texlive/texmf-dist/tex/latex/base/utf8.def) [13] [14]
Underfull \vbox (badness 3803) has occurred while \output is active [15]
Underfull \vbox (badness 10000) has occurred while \output is active [16]
(/usr/share/texlive/texmf-dist/tex/latex/base/utf8.def)
Overfull \vbox (7.39107pt too high) has occurred while \output is active
[17] (/usr/share/texlive/texmf-dist/tex/latex/base/utf8.def) [18]
(/usr/share/texlive/texmf-dist/tex/latex/base/utf8.def) [19] [20]
Overfull \hbox (76.38141pt too wide) in paragraph at lines 1163--1163
 []                                                                        \T1/
zi4/m/n/9 x/2 - y * y/4) * ((y + y)/4) * cos(2 * x - exp(y))[] 
(/usr/share/texlive/texmf-dist/tex/latex/base/utf8.def) [21]
(/usr/share/texlive/texmf-dist/tex/latex/base/utf8.def) [22]
(/usr/share/texlive/texmf-dist/tex/latex/base/utf8.def) [23]
Overfull \hbox (15.78088pt too wide) in paragraph at lines 1323--1323
 []   \T1/zi4/m/n/10 hesschk(xpar, ffn, ggr, hhess, trace=0, testtol=(.Machine$
double.eps)^(1/3), ...)[] 
[24] [25] (/usr/share/texlive/texmf-dist/tex/latex/base/utf8.def) [26]
(/usr/share/texlive/texmf-dist/tex/latex/base/utf8.def) [27] [28]
Overfull \hbox (475.08109pt too wide) in paragraph at lines 1618--1618
 []     \T1/zi4/m/n/9 warnstr<-"Parameters or bounds appear to have different s
calings.\n  This can cause poor performance in optimization. \n  It is importan
t for derivative free methods like BOBYQA, UOBYQA, NEWUOA."[] 
(/tmp/RtmpWJWMhF/Rd2pdf73e770c358a0/Rd2.ind [29]

LaTeX Font Warning: Font shape `T1/zi4/m/it' undefined
(Font)              using `T1/zi4/m/n' instead on input line 85.

[30]) (/tmp/RtmpWJWMhF/Rd2pdf73e770c358a0/Rd2.aux)

LaTeX Font Warning: Some font shapes were not available, defaults substituted.

 )
(see the transcript file for additional information)pdfTeX warning (dest): name
{Rfn.optim} has been referenced but does not exist, replaced by a fixed one

{/usr/share/texlive/texmf-dist/fonts/enc/dvips/base/8r.enc}{/usr/share/texlive/
texmf-dist/fonts/enc/dvips/inconsolata/i4-t1-0.enc}</usr/share/texlive/texmf-di
st/fonts/type1/public/inconsolata/Inconsolata-zi4r.pfb></usr/share/texlive/texm
f-dist/fonts/type1/public/amsfonts/cm/cmsy10.pfb></usr/share/texlive/texmf-dist
/fonts/type1/urw/helvetic/uhvr8a.pfb></usr/share/texlive/texmf-dist/fonts/type1
/urw/times/utmb8a.pfb></usr/share/texlive/texmf-dist/fonts/type1/urw/times/utmr
8a.pfb></usr/share/texlive/texmf-dist/fonts/type1/urw/times/utmr8a.pfb></usr/sh
are/texlive/texmf-dist/fonts/type1/urw/times/utmri8a.pfb>
Output written on Rd2.pdf (30 pages, 143263 bytes).
Transcript written on Rd2.log.
Saving output to ‘optextras-manual.pdf’ ...
Done
You may want to clean up by 'rm -rf /tmp/RtmpWJWMhF/Rd2pdf73e770c358a0'
