* using log directory ‘/media/john/J6R/mainset/versioned/rsvnall/optimizer/pkg/00archive/optimr.Rcheck’
* using R version 3.4.4 (2018-03-15)
* using platform: x86_64-pc-linux-gnu (64-bit)
* using session charset: UTF-8
* checking for file ‘optimr/DESCRIPTION’ ... OK
* this is package ‘optimr’ version ‘2018-3.18’
* checking package namespace information ... OK
* checking package dependencies ... OK
* checking if this is a source package ... OK
* checking if there is a namespace ... OK
* checking for executable files ... OK
* checking for hidden files and directories ... OK
* checking for portable file names ... OK
* checking for sufficient/correct file permissions ... OK
* checking whether package ‘optimr’ can be installed ... OK
* checking installed package size ... OK
* checking package directory ... OK
* checking ‘build’ directory ... OK
* checking DESCRIPTION meta-information ... OK
* checking top-level files ... OK
* checking for left-over files ... OK
* checking index information ... OK
* checking package subdirectories ... OK
* checking R files for non-ASCII characters ... OK
* checking R files for syntax errors ... OK
* checking whether the package can be loaded ... OK
* checking whether the package can be loaded with stated dependencies ... OK
* checking whether the package can be unloaded cleanly ... OK
* checking whether the namespace can be loaded with stated dependencies ... OK
* checking whether the namespace can be unloaded cleanly ... OK
* checking loading without being on the library search path ... OK
* checking dependencies in R code ... OK
* checking S3 generic/method consistency ... OK
* checking replacement functions ... OK
* checking foreign function calls ... OK
* checking R code for possible problems ... OK
* checking Rd files ... OK
* checking Rd metadata ... OK
* checking Rd cross-references ... OK
* checking for missing documentation entries ... OK
* checking for code/documentation mismatches ... OK
* checking Rd \usage sections ... OK
* checking Rd contents ... OK
* checking for unstated dependencies in examples ... OK
* checking sizes of PDF files under ‘inst/doc’ ... OK
* checking installed files from ‘inst/doc’ ... OK
* checking files in ‘vignettes’ ... OK
* checking examples ... ERROR
Running examples in ‘optimr-Ex.R’ failed
The error most likely occurred in:

> ### Name: coef.opm
> ### Title: Summarize opm object
> ### Aliases: coef.opm coef<-.opm coef<-
> ### Keywords: nonlinear optimize
> 
> ### ** Examples
> 
> ans <- opm(fn = function(x) sum(x*x), par = 1:2, method="ALL", control=list(trace=1))
opm: wrapper to call optimr to run multiple optimizers
Method:  BFGS 
Parameter scaling:[1] 1 1
initial  value 5.000000 
final  value 0.000000 
converged
Post processing for method  BFGS 
Successful convergence! 
kkttol= 0.001    kkt2tol= 1e-06   control$trace= 1 
Error in fn(par, ...) : unused argument (maximize = FALSE)
Calls: opm -> kktchk
Execution halted
* checking for unstated dependencies in ‘tests’ ... OK
* checking tests ... ERROR
  Running ‘bdstest.R’
Running the tests in ‘tests/bdstest.R’ failed.
Last 13 lines of output:
  Exploratory move - stepsize =  1e-06 
  p-start:[1] 0.00 0.75 1.50 2.25
  axial search with stepsize = 1e-06   fn value =  7.875   after  54   maxfeval = 8000 
  Reducing step to  1e-07 
  Exploratory move - stepsize =  1e-07 
  p-start:[1] 0.00 0.75 1.50 2.25
  axial search with stepsize = 1e-07   fn value =  7.875   after  58   maxfeval = 8000 
  Reducing step to  1e-08 
  pbase = pbest
  > 
  > alkkt <- optextras::kktchk(alb$par, bt.f, bt.g, hess=NULL, upper=upper, lower=lower,  maximize=FALSE, control=list(trace=1))
  kkttol= 0.001    kkt2tol= 1e-06   control$trace= 1 
  Error in fn(par, ...) : unused argument (maximize = FALSE)
  Calls: <Anonymous>
  Execution halted
* checking for unstated dependencies in vignettes ... OK
* checking package vignettes in ‘inst/doc’ ... OK
* checking running R code from vignettes ... NONE
* checking re-building of vignette outputs ... OK
* checking PDF version of manual ... OK
* DONE
Status: 2 ERRORs
