Hmm ... looks like a package

This is pdfTeX, Version 3.14159265-2.6-1.40.16 (TeX Live 2015/Debian) (preloaded format=pdflatex)
 restricted \write18 enabled.
entering extended mode
LaTeX2e <2016/02/01>
Babel <3.9q> and hyphenation patterns for 3 language(s) loaded.
(./Rd2.tex
(/usr/share/texlive/texmf-dist/tex/latex/base/book.cls
Document Class: book 2014/09/29 v1.4h Standard LaTeX document class
(/usr/share/texlive/texmf-dist/tex/latex/base/bk10.clo))
(/usr/share/R/share/texmf/tex/latex/Rd.sty
(/usr/share/texlive/texmf-dist/tex/latex/base/ifthen.sty)
(/usr/share/texlive/texmf-dist/tex/latex/tools/longtable.sty)
(/usr/share/texlive/texmf-dist/tex/latex/tools/bm.sty)
(/usr/share/texlive/texmf-dist/tex/latex/base/alltt.sty)
(/usr/share/texlive/texmf-dist/tex/latex/tools/verbatim.sty)
(/usr/share/texlive/texmf-dist/tex/latex/url/url.sty)
(/usr/share/texlive/texmf-dist/tex/latex/base/textcomp.sty
(/usr/share/texlive/texmf-dist/tex/latex/base/ts1enc.def))
(/usr/share/texlive/texmf-dist/tex/latex/base/fontenc.sty
(/usr/share/texlive/texmf-dist/tex/latex/base/t1enc.def))
(/usr/share/texlive/texmf-dist/tex/latex/psnfss/times.sty)
(/usr/share/texlive/texmf-dist/tex/latex/inconsolata/zi4.sty
`inconsolata-zi4' v1.10, 2016/02/22 Text macros for Inconsolata (msharpe)
(/usr/share/texlive/texmf-dist/tex/latex/graphics/keyval.sty))
(/usr/share/texlive/texmf-dist/tex/latex/graphics/color.sty
(/usr/share/texlive/texmf-dist/tex/latex/latexconfig/color.cfg)
(/usr/share/texlive/texmf-dist/tex/latex/pdftex-def/pdftex.def
(/usr/share/texlive/texmf-dist/tex/generic/oberdiek/infwarerr.sty)
(/usr/share/texlive/texmf-dist/tex/generic/oberdiek/ltxcmds.sty)))
(/usr/share/texlive/texmf-dist/tex/latex/hyperref/hyperref.sty
(/usr/share/texlive/texmf-dist/tex/generic/oberdiek/hobsub-hyperref.sty
(/usr/share/texlive/texmf-dist/tex/generic/oberdiek/hobsub-generic.sty))
(/usr/share/texlive/texmf-dist/tex/generic/ifxetex/ifxetex.sty)
(/usr/share/texlive/texmf-dist/tex/latex/oberdiek/auxhook.sty)
(/usr/share/texlive/texmf-dist/tex/latex/oberdiek/kvoptions.sty)
(/usr/share/texlive/texmf-dist/tex/latex/hyperref/pd1enc.def)
(/usr/share/texlive/texmf-dist/tex/latex/latexconfig/hyperref.cfg))

Package hyperref Message: Driver (autodetected): hpdftex.

(/usr/share/texlive/texmf-dist/tex/latex/hyperref/hpdftex.def
(/usr/share/texlive/texmf-dist/tex/latex/oberdiek/rerunfilecheck.sty))

Package hyperref Warning: Option `hyperindex' has already been used,
(hyperref)                setting the option has no effect on input line 366.


Package hyperref Warning: Option `pagebackref' has already been used,
(hyperref)                setting the option has no effect on input line 366.

) (/usr/share/texlive/texmf-dist/tex/latex/base/makeidx.sty)
(/usr/share/texlive/texmf-dist/tex/latex/base/inputenc.sty
(/usr/share/texlive/texmf-dist/tex/latex/base/utf8.def
(/usr/share/texlive/texmf-dist/tex/latex/base/t1enc.dfu)
(/usr/share/texlive/texmf-dist/tex/latex/base/ot1enc.dfu)
(/usr/share/texlive/texmf-dist/tex/latex/base/omsenc.dfu)
(/usr/share/texlive/texmf-dist/tex/latex/base/ts1enc.dfu))
(/usr/share/texlive/texmf-dist/tex/latex/base/latin1.def))
Writing index file Rd2.idx
No file Rd2.aux.
(/usr/share/texlive/texmf-dist/tex/latex/base/ts1cmr.fd)
(/usr/share/texlive/texmf-dist/tex/latex/psnfss/t1ptm.fd)
(/usr/share/texlive/texmf-dist/tex/context/base/supp-pdf.mkii
[Loading MPS to PDF converter (version 2006.09.02).]
) (/usr/share/texlive/texmf-dist/tex/latex/hyperref/nameref.sty
(/usr/share/texlive/texmf-dist/tex/generic/oberdiek/gettitlestring.sty))
(/usr/share/texlive/texmf-dist/tex/latex/psnfss/ts1ptm.fd)
(/usr/share/texlive/texmf-dist/tex/latex/inconsolata/t1zi4.fd)
(/usr/share/texlive/texmf-dist/tex/latex/psnfss/t1phv.fd)
(/usr/share/texlive/texmf-dist/tex/latex/base/utf8.def) [1{/var/lib/texmf/fonts
/map/pdftex/updmap/pdftex.map}]
(/usr/share/texlive/texmf-dist/tex/latex/base/utf8.def)
(/usr/share/texlive/texmf-dist/tex/latex/inconsolata/ts1zi4.fd) [2]
(/usr/share/texlive/texmf-dist/tex/latex/base/utf8.def)
(/usr/share/texlive/texmf-dist/tex/latex/base/utf8.def) [3] [4] [5]
Underfull \vbox (badness 10000) has occurred while \output is active [6]
Underfull \vbox (badness 10000) has occurred while \output is active [7]
(/usr/share/texlive/texmf-dist/tex/latex/base/utf8.def) [8] [9]
(/usr/share/texlive/texmf-dist/tex/latex/base/utf8.def) [10] [11]
Overfull \hbox (13.6576pt too wide) in paragraph at lines 608--613
\T1/ptm/m/n/10 turns the prob-lem into a max-i-miza-tion prob-lem. Op-ti-miza-t
ion is per-formed on \T1/zi4/m/n/10 fn(par)/fnscale\T1/ptm/m/n/10 .

Overfull \hbox (8.94727pt too wide) in paragraph at lines 613--617
[]\T1/ptm/m/n/10 A vec-tor of scal-ing val-ues for the pa-ram-e-ters. Op-ti-miz
a-tion is per-formed on \T1/zi4/m/n/10 par/parscale

Overfull \hbox (36.6773pt too wide) in paragraph at lines 645--647
[]\T1/ptm/m/n/10 = The value to set for the func-tion value when try(fn()) fail
s. De-fault is (0.5)*.Ma-chine$double.xmax 
[12] [13]
Overfull \hbox (23.11601pt too wide) in paragraph at lines 785--788
\T1/ptm/m/n/10 Users: \T1/ptm/b/n/10 op-timx \T1/ptm/m/n/10 for R., \T1/ptm/m/i
t/10 Jour-nal of Sta-tis-ti-cal Soft-ware\T1/ptm/m/n/10 , 43(9), 1-14., URL htt
p://www.jstatsoft.org/v43/i09/. 
[14] [15] (/usr/share/texlive/texmf-dist/tex/latex/base/utf8.def) [16]
Overfull \hbox (23.11601pt too wide) in paragraph at lines 952--955
\T1/ptm/m/n/10 Users: \T1/ptm/b/n/10 op-timx \T1/ptm/m/n/10 for R., \T1/ptm/m/i
t/10 Jour-nal of Sta-tis-ti-cal Soft-ware\T1/ptm/m/n/10 , 43(9), 1-14., URL htt
p://www.jstatsoft.org/v43/i09/. 
[17]
Overfull \hbox (3.48093pt too wide) in paragraph at lines 978--978
 []\T1/zi4/m/n/9 mychk <- optchk(par=c(-1.2,1), fr, grr, lower=rep(-10,2), uppe
r=rep(10,2), control=myctrl)[] 
(/usr/share/texlive/texmf-dist/tex/latex/base/utf8.def) [18] [19]
Overfull \hbox (2.84686pt too wide) in paragraph at lines 1121--1123
[]\T1/ptm/m/n/10 A char-ac-ter string giv-ing any ad-di-tional in-for-ma-tion r
e-turned by the op-ti-mizer, or `NULL'. 

Overfull \hbox (23.11601pt too wide) in paragraph at lines 1141--1144
\T1/ptm/m/n/10 Users: \T1/ptm/b/n/10 op-timx \T1/ptm/m/n/10 for R., \T1/ptm/m/i
t/10 Jour-nal of Sta-tis-ti-cal Soft-ware\T1/ptm/m/n/10 , 43(9), 1-14., URL htt
p://www.jstatsoft.org/v43/i09/. 
(/usr/share/texlive/texmf-dist/tex/latex/base/utf8.def) [20] [21]
Overfull \hbox (25.98093pt too wide) in paragraph at lines 1255--1255
 []\T1/zi4/m/n/9 mc <- data.frame(method=c("Nelder-Mead","Rvmmin"), maxit=c(100
0, 100), maxfeval= c(1000, 1000))[] 

Overfull \hbox (16.98093pt too wide) in paragraph at lines 1259--1259
 []\T1/zi4/m/n/9 mc <- data.frame(method=c("Nelder-Mead","Rvmmin"), maxit=c(100
, 100), maxfeval= c(100, 1000))[] 

Overfull \hbox (7.98093pt too wide) in paragraph at lines 1264--1264
 []\T1/zi4/m/n/9 mc <- data.frame(method=c("Nelder-Mead","Rvmmin"), maxit=c(10,
 100), maxfeval= c(10, 1000))[] 
[22]
No file Rd2.ind.
[23] (/tmp/RtmpHSu6DZ/Rd2pdf1ca34e99e64/Rd2.aux)

Package rerunfilecheck Warning: File `Rd2.out' has changed.
(rerunfilecheck)                Rerun to get outlines right
(rerunfilecheck)                or use package `bookmark'.

 )
(see the transcript file for additional information)pdfTeX warning (dest): name
{Rfn.constrOptim} has been referenced but does not exist, replaced by a fixed o
ne

pdfTeX warning (dest): name{Rfn.hjkb} has been referenced but does not exist, r
eplaced by a fixed one

pdfTeX warning (dest): name{Rfn.nmkb} has been referenced but does not exist, r
eplaced by a fixed one

pdfTeX warning (dest): name{Rfn.ucminf} has been referenced but does not exist,
 replaced by a fixed one

pdfTeX warning (dest): name{Rfn.Rvmmin} has been referenced but does not exist,
 replaced by a fixed one

pdfTeX warning (dest): name{Rfn.Rcgmin} has been referenced but does not exist,
 replaced by a fixed one

pdfTeX warning (dest): name{Rfn.bobyqa} has been referenced but does not exist,
 replaced by a fixed one

pdfTeX warning (dest): name{Rfn.nlminb} has been referenced but does not exist,
 replaced by a fixed one

pdfTeX warning (dest): name{Rfn.nlm} has been referenced but does not exist, re
placed by a fixed one

pdfTeX warning (dest): name{Rfn.spg} has been referenced but does not exist, re
placed by a fixed one

pdfTeX warning (dest): name{Rfn.optimize} has been referenced but does not exis
t, replaced by a fixed one

pdfTeX warning (dest): name{Rfn.optim} has been referenced but does not exist, 
replaced by a fixed one

{/usr/share/texlive/texmf-dist/fonts/enc/dvips/inconsolata/i4-ts1.enc}{/usr/sha
re/texlive/texmf-dist/fonts/enc/dvips/base/8r.enc}{/usr/share/texlive/texmf-dis
t/fonts/enc/dvips/inconsolata/i4-t1-0.enc}</usr/share/texlive/texmf-dist/fonts/
type1/public/inconsolata/Inconsolata-zi4r.pfb></usr/share/texlive/texmf-dist/fo
nts/type1/urw/helvetic/uhvr8a.pfb></usr/share/texlive/texmf-dist/fonts/type1/ur
w/times/utmb8a.pfb></usr/share/texlive/texmf-dist/fonts/type1/urw/times/utmr8a.
pfb></usr/share/texlive/texmf-dist/fonts/type1/urw/times/utmr8a.pfb></usr/share
/texlive/texmf-dist/fonts/type1/urw/times/utmri8a.pfb>
Output written on Rd2.pdf (23 pages, 128723 bytes).
Transcript written on Rd2.log.
This is pdfTeX, Version 3.14159265-2.6-1.40.16 (TeX Live 2015/Debian) (preloaded format=pdflatex)
 restricted \write18 enabled.
entering extended mode
LaTeX2e <2016/02/01>
Babel <3.9q> and hyphenation patterns for 3 language(s) loaded.
(./Rd2.tex
(/usr/share/texlive/texmf-dist/tex/latex/base/book.cls
Document Class: book 2014/09/29 v1.4h Standard LaTeX document class
(/usr/share/texlive/texmf-dist/tex/latex/base/bk10.clo))
(/usr/share/R/share/texmf/tex/latex/Rd.sty
(/usr/share/texlive/texmf-dist/tex/latex/base/ifthen.sty)
(/usr/share/texlive/texmf-dist/tex/latex/tools/longtable.sty)
(/usr/share/texlive/texmf-dist/tex/latex/tools/bm.sty)
(/usr/share/texlive/texmf-dist/tex/latex/base/alltt.sty)
(/usr/share/texlive/texmf-dist/tex/latex/tools/verbatim.sty)
(/usr/share/texlive/texmf-dist/tex/latex/url/url.sty)
(/usr/share/texlive/texmf-dist/tex/latex/base/textcomp.sty
(/usr/share/texlive/texmf-dist/tex/latex/base/ts1enc.def))
(/usr/share/texlive/texmf-dist/tex/latex/base/fontenc.sty
(/usr/share/texlive/texmf-dist/tex/latex/base/t1enc.def))
(/usr/share/texlive/texmf-dist/tex/latex/psnfss/times.sty)
(/usr/share/texlive/texmf-dist/tex/latex/inconsolata/zi4.sty
`inconsolata-zi4' v1.10, 2016/02/22 Text macros for Inconsolata (msharpe)
(/usr/share/texlive/texmf-dist/tex/latex/graphics/keyval.sty))
(/usr/share/texlive/texmf-dist/tex/latex/graphics/color.sty
(/usr/share/texlive/texmf-dist/tex/latex/latexconfig/color.cfg)
(/usr/share/texlive/texmf-dist/tex/latex/pdftex-def/pdftex.def
(/usr/share/texlive/texmf-dist/tex/generic/oberdiek/infwarerr.sty)
(/usr/share/texlive/texmf-dist/tex/generic/oberdiek/ltxcmds.sty)))
(/usr/share/texlive/texmf-dist/tex/latex/hyperref/hyperref.sty
(/usr/share/texlive/texmf-dist/tex/generic/oberdiek/hobsub-hyperref.sty
(/usr/share/texlive/texmf-dist/tex/generic/oberdiek/hobsub-generic.sty))
(/usr/share/texlive/texmf-dist/tex/generic/ifxetex/ifxetex.sty)
(/usr/share/texlive/texmf-dist/tex/latex/oberdiek/auxhook.sty)
(/usr/share/texlive/texmf-dist/tex/latex/oberdiek/kvoptions.sty)
(/usr/share/texlive/texmf-dist/tex/latex/hyperref/pd1enc.def)
(/usr/share/texlive/texmf-dist/tex/latex/latexconfig/hyperref.cfg))

Package hyperref Message: Driver (autodetected): hpdftex.

(/usr/share/texlive/texmf-dist/tex/latex/hyperref/hpdftex.def
(/usr/share/texlive/texmf-dist/tex/latex/oberdiek/rerunfilecheck.sty))

Package hyperref Warning: Option `hyperindex' has already been used,
(hyperref)                setting the option has no effect on input line 366.


Package hyperref Warning: Option `pagebackref' has already been used,
(hyperref)                setting the option has no effect on input line 366.

) (/usr/share/texlive/texmf-dist/tex/latex/base/makeidx.sty)
(/usr/share/texlive/texmf-dist/tex/latex/base/inputenc.sty
(/usr/share/texlive/texmf-dist/tex/latex/base/utf8.def
(/usr/share/texlive/texmf-dist/tex/latex/base/t1enc.dfu)
(/usr/share/texlive/texmf-dist/tex/latex/base/ot1enc.dfu)
(/usr/share/texlive/texmf-dist/tex/latex/base/omsenc.dfu)
(/usr/share/texlive/texmf-dist/tex/latex/base/ts1enc.dfu))
(/usr/share/texlive/texmf-dist/tex/latex/base/latin1.def))
Writing index file Rd2.idx
(/tmp/RtmpHSu6DZ/Rd2pdf1ca34e99e64/Rd2.aux)
(/usr/share/texlive/texmf-dist/tex/latex/base/ts1cmr.fd)
(/usr/share/texlive/texmf-dist/tex/latex/psnfss/t1ptm.fd)
(/usr/share/texlive/texmf-dist/tex/context/base/supp-pdf.mkii
[Loading MPS to PDF converter (version 2006.09.02).]
) (/usr/share/texlive/texmf-dist/tex/latex/hyperref/nameref.sty
(/usr/share/texlive/texmf-dist/tex/generic/oberdiek/gettitlestring.sty))
(/tmp/RtmpHSu6DZ/Rd2pdf1ca34e99e64/Rd2.out)
(/tmp/RtmpHSu6DZ/Rd2pdf1ca34e99e64/Rd2.out)
(/usr/share/texlive/texmf-dist/tex/latex/psnfss/ts1ptm.fd)
(/usr/share/texlive/texmf-dist/tex/latex/inconsolata/t1zi4.fd)
(/usr/share/texlive/texmf-dist/tex/latex/psnfss/t1phv.fd)
(/tmp/RtmpHSu6DZ/Rd2pdf1ca34e99e64/Rd2.toc)
(/usr/share/texlive/texmf-dist/tex/latex/base/utf8.def) [1{/var/lib/texmf/fonts
/map/pdftex/updmap/pdftex.map}]
(/usr/share/texlive/texmf-dist/tex/latex/base/utf8.def)
(/usr/share/texlive/texmf-dist/tex/latex/inconsolata/ts1zi4.fd) [2]
(/usr/share/texlive/texmf-dist/tex/latex/base/utf8.def)
(/usr/share/texlive/texmf-dist/tex/latex/base/utf8.def) [3] [4] [5]
Underfull \vbox (badness 10000) has occurred while \output is active [6]
Underfull \vbox (badness 10000) has occurred while \output is active [7]
(/usr/share/texlive/texmf-dist/tex/latex/base/utf8.def) [8] [9]
(/usr/share/texlive/texmf-dist/tex/latex/base/utf8.def) [10] [11]
Overfull \hbox (13.6576pt too wide) in paragraph at lines 608--613
\T1/ptm/m/n/10 turns the prob-lem into a max-i-miza-tion prob-lem. Op-ti-miza-t
ion is per-formed on \T1/zi4/m/n/10 fn(par)/fnscale\T1/ptm/m/n/10 .

Overfull \hbox (8.94727pt too wide) in paragraph at lines 613--617
[]\T1/ptm/m/n/10 A vec-tor of scal-ing val-ues for the pa-ram-e-ters. Op-ti-miz
a-tion is per-formed on \T1/zi4/m/n/10 par/parscale

Overfull \hbox (36.6773pt too wide) in paragraph at lines 645--647
[]\T1/ptm/m/n/10 = The value to set for the func-tion value when try(fn()) fail
s. De-fault is (0.5)*.Ma-chine$double.xmax 
[12] [13]
Overfull \hbox (23.11601pt too wide) in paragraph at lines 785--788
\T1/ptm/m/n/10 Users: \T1/ptm/b/n/10 op-timx \T1/ptm/m/n/10 for R., \T1/ptm/m/i
t/10 Jour-nal of Sta-tis-ti-cal Soft-ware\T1/ptm/m/n/10 , 43(9), 1-14., URL htt
p://www.jstatsoft.org/v43/i09/. 
[14] [15] (/usr/share/texlive/texmf-dist/tex/latex/base/utf8.def) [16]
Overfull \hbox (23.11601pt too wide) in paragraph at lines 952--955
\T1/ptm/m/n/10 Users: \T1/ptm/b/n/10 op-timx \T1/ptm/m/n/10 for R., \T1/ptm/m/i
t/10 Jour-nal of Sta-tis-ti-cal Soft-ware\T1/ptm/m/n/10 , 43(9), 1-14., URL htt
p://www.jstatsoft.org/v43/i09/. 
[17]
Overfull \hbox (3.48093pt too wide) in paragraph at lines 978--978
 []\T1/zi4/m/n/9 mychk <- optchk(par=c(-1.2,1), fr, grr, lower=rep(-10,2), uppe
r=rep(10,2), control=myctrl)[] 
(/usr/share/texlive/texmf-dist/tex/latex/base/utf8.def) [18] [19]
Overfull \hbox (2.84686pt too wide) in paragraph at lines 1121--1123
[]\T1/ptm/m/n/10 A char-ac-ter string giv-ing any ad-di-tional in-for-ma-tion r
e-turned by the op-ti-mizer, or `NULL'. 

Overfull \hbox (23.11601pt too wide) in paragraph at lines 1141--1144
\T1/ptm/m/n/10 Users: \T1/ptm/b/n/10 op-timx \T1/ptm/m/n/10 for R., \T1/ptm/m/i
t/10 Jour-nal of Sta-tis-ti-cal Soft-ware\T1/ptm/m/n/10 , 43(9), 1-14., URL htt
p://www.jstatsoft.org/v43/i09/. 
(/usr/share/texlive/texmf-dist/tex/latex/base/utf8.def) [20] [21]
Overfull \hbox (25.98093pt too wide) in paragraph at lines 1255--1255
 []\T1/zi4/m/n/9 mc <- data.frame(method=c("Nelder-Mead","Rvmmin"), maxit=c(100
0, 100), maxfeval= c(1000, 1000))[] 

Overfull \hbox (16.98093pt too wide) in paragraph at lines 1259--1259
 []\T1/zi4/m/n/9 mc <- data.frame(method=c("Nelder-Mead","Rvmmin"), maxit=c(100
, 100), maxfeval= c(100, 1000))[] 

Overfull \hbox (7.98093pt too wide) in paragraph at lines 1264--1264
 []\T1/zi4/m/n/9 mc <- data.frame(method=c("Nelder-Mead","Rvmmin"), maxit=c(10,
 100), maxfeval= c(10, 1000))[] 
[22]
No file Rd2.ind.
[23] (/tmp/RtmpHSu6DZ/Rd2pdf1ca34e99e64/Rd2.aux) )
(see the transcript file for additional information)pdfTeX warning (dest): name
{Rfn.constrOptim} has been referenced but does not exist, replaced by a fixed o
ne

pdfTeX warning (dest): name{Rfn.hjkb} has been referenced but does not exist, r
eplaced by a fixed one

pdfTeX warning (dest): name{Rfn.nmkb} has been referenced but does not exist, r
eplaced by a fixed one

pdfTeX warning (dest): name{Rfn.ucminf} has been referenced but does not exist,
 replaced by a fixed one

pdfTeX warning (dest): name{Rfn.Rvmmin} has been referenced but does not exist,
 replaced by a fixed one

pdfTeX warning (dest): name{Rfn.Rcgmin} has been referenced but does not exist,
 replaced by a fixed one

pdfTeX warning (dest): name{Rfn.bobyqa} has been referenced but does not exist,
 replaced by a fixed one

pdfTeX warning (dest): name{Rfn.nlminb} has been referenced but does not exist,
 replaced by a fixed one

pdfTeX warning (dest): name{Rfn.nlm} has been referenced but does not exist, re
placed by a fixed one

pdfTeX warning (dest): name{Rfn.spg} has been referenced but does not exist, re
placed by a fixed one

pdfTeX warning (dest): name{Rfn.optimize} has been referenced but does not exis
t, replaced by a fixed one

pdfTeX warning (dest): name{Rfn.optim} has been referenced but does not exist, 
replaced by a fixed one

{/usr/share/texlive/texmf-dist/fonts/enc/dvips/inconsolata/i4-ts1.enc}{/usr/sha
re/texlive/texmf-dist/fonts/enc/dvips/base/8r.enc}{/usr/share/texlive/texmf-dis
t/fonts/enc/dvips/inconsolata/i4-t1-0.enc}</usr/share/texlive/texmf-dist/fonts/
type1/public/inconsolata/Inconsolata-zi4r.pfb></usr/share/texlive/texmf-dist/fo
nts/type1/urw/helvetic/uhvr8a.pfb></usr/share/texlive/texmf-dist/fonts/type1/ur
w/times/utmb8a.pfb></usr/share/texlive/texmf-dist/fonts/type1/urw/times/utmr8a.
pfb></usr/share/texlive/texmf-dist/fonts/type1/urw/times/utmr8a.pfb></usr/share
/texlive/texmf-dist/fonts/type1/urw/times/utmri8a.pfb>
Output written on Rd2.pdf (23 pages, 129646 bytes).
Transcript written on Rd2.log.
This is makeindex, version 2.15 [TeX Live 2015] (kpathsea + Thai support).
Scanning input file Rd2.idx....done (42 entries accepted, 0 rejected).
Sorting entries....done (226 comparisons).
Generating output file Rd2.ind....done (77 lines written, 0 warnings).
Output written in Rd2.ind.
Transcript written in Rd2.ilg.
This is pdfTeX, Version 3.14159265-2.6-1.40.16 (TeX Live 2015/Debian) (preloaded format=pdflatex)
 restricted \write18 enabled.
entering extended mode
LaTeX2e <2016/02/01>
Babel <3.9q> and hyphenation patterns for 3 language(s) loaded.
(./Rd2.tex
(/usr/share/texlive/texmf-dist/tex/latex/base/book.cls
Document Class: book 2014/09/29 v1.4h Standard LaTeX document class
(/usr/share/texlive/texmf-dist/tex/latex/base/bk10.clo))
(/usr/share/R/share/texmf/tex/latex/Rd.sty
(/usr/share/texlive/texmf-dist/tex/latex/base/ifthen.sty)
(/usr/share/texlive/texmf-dist/tex/latex/tools/longtable.sty)
(/usr/share/texlive/texmf-dist/tex/latex/tools/bm.sty)
(/usr/share/texlive/texmf-dist/tex/latex/base/alltt.sty)
(/usr/share/texlive/texmf-dist/tex/latex/tools/verbatim.sty)
(/usr/share/texlive/texmf-dist/tex/latex/url/url.sty)
(/usr/share/texlive/texmf-dist/tex/latex/base/textcomp.sty
(/usr/share/texlive/texmf-dist/tex/latex/base/ts1enc.def))
(/usr/share/texlive/texmf-dist/tex/latex/base/fontenc.sty
(/usr/share/texlive/texmf-dist/tex/latex/base/t1enc.def))
(/usr/share/texlive/texmf-dist/tex/latex/psnfss/times.sty)
(/usr/share/texlive/texmf-dist/tex/latex/inconsolata/zi4.sty
`inconsolata-zi4' v1.10, 2016/02/22 Text macros for Inconsolata (msharpe)
(/usr/share/texlive/texmf-dist/tex/latex/graphics/keyval.sty))
(/usr/share/texlive/texmf-dist/tex/latex/graphics/color.sty
(/usr/share/texlive/texmf-dist/tex/latex/latexconfig/color.cfg)
(/usr/share/texlive/texmf-dist/tex/latex/pdftex-def/pdftex.def
(/usr/share/texlive/texmf-dist/tex/generic/oberdiek/infwarerr.sty)
(/usr/share/texlive/texmf-dist/tex/generic/oberdiek/ltxcmds.sty)))
(/usr/share/texlive/texmf-dist/tex/latex/hyperref/hyperref.sty
(/usr/share/texlive/texmf-dist/tex/generic/oberdiek/hobsub-hyperref.sty
(/usr/share/texlive/texmf-dist/tex/generic/oberdiek/hobsub-generic.sty))
(/usr/share/texlive/texmf-dist/tex/generic/ifxetex/ifxetex.sty)
(/usr/share/texlive/texmf-dist/tex/latex/oberdiek/auxhook.sty)
(/usr/share/texlive/texmf-dist/tex/latex/oberdiek/kvoptions.sty)
(/usr/share/texlive/texmf-dist/tex/latex/hyperref/pd1enc.def)
(/usr/share/texlive/texmf-dist/tex/latex/latexconfig/hyperref.cfg))

Package hyperref Message: Driver (autodetected): hpdftex.

(/usr/share/texlive/texmf-dist/tex/latex/hyperref/hpdftex.def
(/usr/share/texlive/texmf-dist/tex/latex/oberdiek/rerunfilecheck.sty))

Package hyperref Warning: Option `hyperindex' has already been used,
(hyperref)                setting the option has no effect on input line 366.


Package hyperref Warning: Option `pagebackref' has already been used,
(hyperref)                setting the option has no effect on input line 366.

) (/usr/share/texlive/texmf-dist/tex/latex/base/makeidx.sty)
(/usr/share/texlive/texmf-dist/tex/latex/base/inputenc.sty
(/usr/share/texlive/texmf-dist/tex/latex/base/utf8.def
(/usr/share/texlive/texmf-dist/tex/latex/base/t1enc.dfu)
(/usr/share/texlive/texmf-dist/tex/latex/base/ot1enc.dfu)
(/usr/share/texlive/texmf-dist/tex/latex/base/omsenc.dfu)
(/usr/share/texlive/texmf-dist/tex/latex/base/ts1enc.dfu))
(/usr/share/texlive/texmf-dist/tex/latex/base/latin1.def))
Writing index file Rd2.idx
(/tmp/RtmpHSu6DZ/Rd2pdf1ca34e99e64/Rd2.aux)
(/usr/share/texlive/texmf-dist/tex/latex/base/ts1cmr.fd)
(/usr/share/texlive/texmf-dist/tex/latex/psnfss/t1ptm.fd)
(/usr/share/texlive/texmf-dist/tex/context/base/supp-pdf.mkii
[Loading MPS to PDF converter (version 2006.09.02).]
) (/usr/share/texlive/texmf-dist/tex/latex/hyperref/nameref.sty
(/usr/share/texlive/texmf-dist/tex/generic/oberdiek/gettitlestring.sty))
(/tmp/RtmpHSu6DZ/Rd2pdf1ca34e99e64/Rd2.out)
(/tmp/RtmpHSu6DZ/Rd2pdf1ca34e99e64/Rd2.out)
(/usr/share/texlive/texmf-dist/tex/latex/psnfss/ts1ptm.fd)
(/usr/share/texlive/texmf-dist/tex/latex/inconsolata/t1zi4.fd)
(/usr/share/texlive/texmf-dist/tex/latex/psnfss/t1phv.fd)
(/tmp/RtmpHSu6DZ/Rd2pdf1ca34e99e64/Rd2.toc)
(/usr/share/texlive/texmf-dist/tex/latex/base/utf8.def) [1{/var/lib/texmf/fonts
/map/pdftex/updmap/pdftex.map}]
(/usr/share/texlive/texmf-dist/tex/latex/base/utf8.def)
(/usr/share/texlive/texmf-dist/tex/latex/inconsolata/ts1zi4.fd) [2]
(/usr/share/texlive/texmf-dist/tex/latex/base/utf8.def)
(/usr/share/texlive/texmf-dist/tex/latex/base/utf8.def) [3] [4] [5]
Underfull \vbox (badness 10000) has occurred while \output is active [6]
Underfull \vbox (badness 10000) has occurred while \output is active [7]
(/usr/share/texlive/texmf-dist/tex/latex/base/utf8.def) [8] [9]
(/usr/share/texlive/texmf-dist/tex/latex/base/utf8.def) [10] [11]
Overfull \hbox (13.6576pt too wide) in paragraph at lines 608--613
\T1/ptm/m/n/10 turns the prob-lem into a max-i-miza-tion prob-lem. Op-ti-miza-t
ion is per-formed on \T1/zi4/m/n/10 fn(par)/fnscale\T1/ptm/m/n/10 .

Overfull \hbox (8.94727pt too wide) in paragraph at lines 613--617
[]\T1/ptm/m/n/10 A vec-tor of scal-ing val-ues for the pa-ram-e-ters. Op-ti-miz
a-tion is per-formed on \T1/zi4/m/n/10 par/parscale

Overfull \hbox (36.6773pt too wide) in paragraph at lines 645--647
[]\T1/ptm/m/n/10 = The value to set for the func-tion value when try(fn()) fail
s. De-fault is (0.5)*.Ma-chine$double.xmax 
[12] [13]
Overfull \hbox (23.11601pt too wide) in paragraph at lines 785--788
\T1/ptm/m/n/10 Users: \T1/ptm/b/n/10 op-timx \T1/ptm/m/n/10 for R., \T1/ptm/m/i
t/10 Jour-nal of Sta-tis-ti-cal Soft-ware\T1/ptm/m/n/10 , 43(9), 1-14., URL htt
p://www.jstatsoft.org/v43/i09/. 
[14] [15] (/usr/share/texlive/texmf-dist/tex/latex/base/utf8.def) [16]
Overfull \hbox (23.11601pt too wide) in paragraph at lines 952--955
\T1/ptm/m/n/10 Users: \T1/ptm/b/n/10 op-timx \T1/ptm/m/n/10 for R., \T1/ptm/m/i
t/10 Jour-nal of Sta-tis-ti-cal Soft-ware\T1/ptm/m/n/10 , 43(9), 1-14., URL htt
p://www.jstatsoft.org/v43/i09/. 
[17]
Overfull \hbox (3.48093pt too wide) in paragraph at lines 978--978
 []\T1/zi4/m/n/9 mychk <- optchk(par=c(-1.2,1), fr, grr, lower=rep(-10,2), uppe
r=rep(10,2), control=myctrl)[] 
(/usr/share/texlive/texmf-dist/tex/latex/base/utf8.def) [18] [19]
Overfull \hbox (2.84686pt too wide) in paragraph at lines 1121--1123
[]\T1/ptm/m/n/10 A char-ac-ter string giv-ing any ad-di-tional in-for-ma-tion r
e-turned by the op-ti-mizer, or `NULL'. 

Overfull \hbox (23.11601pt too wide) in paragraph at lines 1141--1144
\T1/ptm/m/n/10 Users: \T1/ptm/b/n/10 op-timx \T1/ptm/m/n/10 for R., \T1/ptm/m/i
t/10 Jour-nal of Sta-tis-ti-cal Soft-ware\T1/ptm/m/n/10 , 43(9), 1-14., URL htt
p://www.jstatsoft.org/v43/i09/. 
(/usr/share/texlive/texmf-dist/tex/latex/base/utf8.def) [20] [21]
Overfull \hbox (25.98093pt too wide) in paragraph at lines 1255--1255
 []\T1/zi4/m/n/9 mc <- data.frame(method=c("Nelder-Mead","Rvmmin"), maxit=c(100
0, 100), maxfeval= c(1000, 1000))[] 

Overfull \hbox (16.98093pt too wide) in paragraph at lines 1259--1259
 []\T1/zi4/m/n/9 mc <- data.frame(method=c("Nelder-Mead","Rvmmin"), maxit=c(100
, 100), maxfeval= c(100, 1000))[] 

Overfull \hbox (7.98093pt too wide) in paragraph at lines 1264--1264
 []\T1/zi4/m/n/9 mc <- data.frame(method=c("Nelder-Mead","Rvmmin"), maxit=c(10,
 100), maxfeval= c(10, 1000))[] 
[22] (/tmp/RtmpHSu6DZ/Rd2pdf1ca34e99e64/Rd2.ind [23]

LaTeX Font Warning: Font shape `T1/zi4/m/it' undefined
(Font)              using `T1/zi4/m/n' instead on input line 32.

[24]) (/tmp/RtmpHSu6DZ/Rd2pdf1ca34e99e64/Rd2.aux)

Package rerunfilecheck Warning: File `Rd2.out' has changed.
(rerunfilecheck)                Rerun to get outlines right
(rerunfilecheck)                or use package `bookmark'.


LaTeX Font Warning: Some font shapes were not available, defaults substituted.

 )
(see the transcript file for additional information)pdfTeX warning (dest): name
{Rfn.constrOptim} has been referenced but does not exist, replaced by a fixed o
ne

pdfTeX warning (dest): name{Rfn.hjkb} has been referenced but does not exist, r
eplaced by a fixed one

pdfTeX warning (dest): name{Rfn.nmkb} has been referenced but does not exist, r
eplaced by a fixed one

pdfTeX warning (dest): name{Rfn.ucminf} has been referenced but does not exist,
 replaced by a fixed one

pdfTeX warning (dest): name{Rfn.Rvmmin} has been referenced but does not exist,
 replaced by a fixed one

pdfTeX warning (dest): name{Rfn.Rcgmin} has been referenced but does not exist,
 replaced by a fixed one

pdfTeX warning (dest): name{Rfn.bobyqa} has been referenced but does not exist,
 replaced by a fixed one

pdfTeX warning (dest): name{Rfn.nlminb} has been referenced but does not exist,
 replaced by a fixed one

pdfTeX warning (dest): name{Rfn.nlm} has been referenced but does not exist, re
placed by a fixed one

pdfTeX warning (dest): name{Rfn.spg} has been referenced but does not exist, re
placed by a fixed one

pdfTeX warning (dest): name{Rfn.optimize} has been referenced but does not exis
t, replaced by a fixed one

pdfTeX warning (dest): name{Rfn.optim} has been referenced but does not exist, 
replaced by a fixed one

{/usr/share/texlive/texmf-dist/fonts/enc/dvips/inconsolata/i4-ts1.enc}{/usr/sha
re/texlive/texmf-dist/fonts/enc/dvips/base/8r.enc}{/usr/share/texlive/texmf-dis
t/fonts/enc/dvips/inconsolata/i4-t1-0.enc}</usr/share/texlive/texmf-dist/fonts/
type1/public/inconsolata/Inconsolata-zi4r.pfb></usr/share/texlive/texmf-dist/fo
nts/type1/public/amsfonts/cm/cmsy10.pfb></usr/share/texlive/texmf-dist/fonts/ty
pe1/urw/helvetic/uhvr8a.pfb></usr/share/texlive/texmf-dist/fonts/type1/urw/time
s/utmb8a.pfb></usr/share/texlive/texmf-dist/fonts/type1/urw/times/utmr8a.pfb></
usr/share/texlive/texmf-dist/fonts/type1/urw/times/utmr8a.pfb></usr/share/texli
ve/texmf-dist/fonts/type1/urw/times/utmri8a.pfb>
Output written on Rd2.pdf (24 pages, 139798 bytes).
Transcript written on Rd2.log.
This is makeindex, version 2.15 [TeX Live 2015] (kpathsea + Thai support).
Scanning input file Rd2.idx....done (42 entries accepted, 0 rejected).
Sorting entries....done (226 comparisons).
Generating output file Rd2.ind....done (77 lines written, 0 warnings).
Output written in Rd2.ind.
Transcript written in Rd2.ilg.
This is pdfTeX, Version 3.14159265-2.6-1.40.16 (TeX Live 2015/Debian) (preloaded format=pdflatex)
 restricted \write18 enabled.
entering extended mode
LaTeX2e <2016/02/01>
Babel <3.9q> and hyphenation patterns for 3 language(s) loaded.
(./Rd2.tex
(/usr/share/texlive/texmf-dist/tex/latex/base/book.cls
Document Class: book 2014/09/29 v1.4h Standard LaTeX document class
(/usr/share/texlive/texmf-dist/tex/latex/base/bk10.clo))
(/usr/share/R/share/texmf/tex/latex/Rd.sty
(/usr/share/texlive/texmf-dist/tex/latex/base/ifthen.sty)
(/usr/share/texlive/texmf-dist/tex/latex/tools/longtable.sty)
(/usr/share/texlive/texmf-dist/tex/latex/tools/bm.sty)
(/usr/share/texlive/texmf-dist/tex/latex/base/alltt.sty)
(/usr/share/texlive/texmf-dist/tex/latex/tools/verbatim.sty)
(/usr/share/texlive/texmf-dist/tex/latex/url/url.sty)
(/usr/share/texlive/texmf-dist/tex/latex/base/textcomp.sty
(/usr/share/texlive/texmf-dist/tex/latex/base/ts1enc.def))
(/usr/share/texlive/texmf-dist/tex/latex/base/fontenc.sty
(/usr/share/texlive/texmf-dist/tex/latex/base/t1enc.def))
(/usr/share/texlive/texmf-dist/tex/latex/psnfss/times.sty)
(/usr/share/texlive/texmf-dist/tex/latex/inconsolata/zi4.sty
`inconsolata-zi4' v1.10, 2016/02/22 Text macros for Inconsolata (msharpe)
(/usr/share/texlive/texmf-dist/tex/latex/graphics/keyval.sty))
(/usr/share/texlive/texmf-dist/tex/latex/graphics/color.sty
(/usr/share/texlive/texmf-dist/tex/latex/latexconfig/color.cfg)
(/usr/share/texlive/texmf-dist/tex/latex/pdftex-def/pdftex.def
(/usr/share/texlive/texmf-dist/tex/generic/oberdiek/infwarerr.sty)
(/usr/share/texlive/texmf-dist/tex/generic/oberdiek/ltxcmds.sty)))
(/usr/share/texlive/texmf-dist/tex/latex/hyperref/hyperref.sty
(/usr/share/texlive/texmf-dist/tex/generic/oberdiek/hobsub-hyperref.sty
(/usr/share/texlive/texmf-dist/tex/generic/oberdiek/hobsub-generic.sty))
(/usr/share/texlive/texmf-dist/tex/generic/ifxetex/ifxetex.sty)
(/usr/share/texlive/texmf-dist/tex/latex/oberdiek/auxhook.sty)
(/usr/share/texlive/texmf-dist/tex/latex/oberdiek/kvoptions.sty)
(/usr/share/texlive/texmf-dist/tex/latex/hyperref/pd1enc.def)
(/usr/share/texlive/texmf-dist/tex/latex/latexconfig/hyperref.cfg))

Package hyperref Message: Driver (autodetected): hpdftex.

(/usr/share/texlive/texmf-dist/tex/latex/hyperref/hpdftex.def
(/usr/share/texlive/texmf-dist/tex/latex/oberdiek/rerunfilecheck.sty))

Package hyperref Warning: Option `hyperindex' has already been used,
(hyperref)                setting the option has no effect on input line 366.


Package hyperref Warning: Option `pagebackref' has already been used,
(hyperref)                setting the option has no effect on input line 366.

) (/usr/share/texlive/texmf-dist/tex/latex/base/makeidx.sty)
(/usr/share/texlive/texmf-dist/tex/latex/base/inputenc.sty
(/usr/share/texlive/texmf-dist/tex/latex/base/utf8.def
(/usr/share/texlive/texmf-dist/tex/latex/base/t1enc.dfu)
(/usr/share/texlive/texmf-dist/tex/latex/base/ot1enc.dfu)
(/usr/share/texlive/texmf-dist/tex/latex/base/omsenc.dfu)
(/usr/share/texlive/texmf-dist/tex/latex/base/ts1enc.dfu))
(/usr/share/texlive/texmf-dist/tex/latex/base/latin1.def))
Writing index file Rd2.idx
(/tmp/RtmpHSu6DZ/Rd2pdf1ca34e99e64/Rd2.aux)
(/usr/share/texlive/texmf-dist/tex/latex/base/ts1cmr.fd)
(/usr/share/texlive/texmf-dist/tex/latex/psnfss/t1ptm.fd)
(/usr/share/texlive/texmf-dist/tex/context/base/supp-pdf.mkii
[Loading MPS to PDF converter (version 2006.09.02).]
) (/usr/share/texlive/texmf-dist/tex/latex/hyperref/nameref.sty
(/usr/share/texlive/texmf-dist/tex/generic/oberdiek/gettitlestring.sty))
(/tmp/RtmpHSu6DZ/Rd2pdf1ca34e99e64/Rd2.out)
(/tmp/RtmpHSu6DZ/Rd2pdf1ca34e99e64/Rd2.out)
(/usr/share/texlive/texmf-dist/tex/latex/psnfss/ts1ptm.fd)
(/usr/share/texlive/texmf-dist/tex/latex/inconsolata/t1zi4.fd)
(/usr/share/texlive/texmf-dist/tex/latex/psnfss/t1phv.fd)
(/tmp/RtmpHSu6DZ/Rd2pdf1ca34e99e64/Rd2.toc [1{/var/lib/texmf/fonts/map/pdftex/u
pdmap/pdftex.map}]) (/usr/share/texlive/texmf-dist/tex/latex/base/utf8.def)
(/usr/share/texlive/texmf-dist/tex/latex/base/utf8.def)
(/usr/share/texlive/texmf-dist/tex/latex/inconsolata/ts1zi4.fd) [2]
(/usr/share/texlive/texmf-dist/tex/latex/base/utf8.def)
(/usr/share/texlive/texmf-dist/tex/latex/base/utf8.def) [3] [4] [5]
Underfull \vbox (badness 10000) has occurred while \output is active [6]
Underfull \vbox (badness 10000) has occurred while \output is active [7]
(/usr/share/texlive/texmf-dist/tex/latex/base/utf8.def) [8] [9]
(/usr/share/texlive/texmf-dist/tex/latex/base/utf8.def) [10] [11]
Overfull \hbox (13.6576pt too wide) in paragraph at lines 608--613
\T1/ptm/m/n/10 turns the prob-lem into a max-i-miza-tion prob-lem. Op-ti-miza-t
ion is per-formed on \T1/zi4/m/n/10 fn(par)/fnscale\T1/ptm/m/n/10 .

Overfull \hbox (8.94727pt too wide) in paragraph at lines 613--617
[]\T1/ptm/m/n/10 A vec-tor of scal-ing val-ues for the pa-ram-e-ters. Op-ti-miz
a-tion is per-formed on \T1/zi4/m/n/10 par/parscale

Overfull \hbox (36.6773pt too wide) in paragraph at lines 645--647
[]\T1/ptm/m/n/10 = The value to set for the func-tion value when try(fn()) fail
s. De-fault is (0.5)*.Ma-chine$double.xmax 
[12] [13]
Overfull \hbox (23.11601pt too wide) in paragraph at lines 785--788
\T1/ptm/m/n/10 Users: \T1/ptm/b/n/10 op-timx \T1/ptm/m/n/10 for R., \T1/ptm/m/i
t/10 Jour-nal of Sta-tis-ti-cal Soft-ware\T1/ptm/m/n/10 , 43(9), 1-14., URL htt
p://www.jstatsoft.org/v43/i09/. 
[14] [15] (/usr/share/texlive/texmf-dist/tex/latex/base/utf8.def) [16]
Overfull \hbox (23.11601pt too wide) in paragraph at lines 952--955
\T1/ptm/m/n/10 Users: \T1/ptm/b/n/10 op-timx \T1/ptm/m/n/10 for R., \T1/ptm/m/i
t/10 Jour-nal of Sta-tis-ti-cal Soft-ware\T1/ptm/m/n/10 , 43(9), 1-14., URL htt
p://www.jstatsoft.org/v43/i09/. 
[17]
Overfull \hbox (3.48093pt too wide) in paragraph at lines 978--978
 []\T1/zi4/m/n/9 mychk <- optchk(par=c(-1.2,1), fr, grr, lower=rep(-10,2), uppe
r=rep(10,2), control=myctrl)[] 
(/usr/share/texlive/texmf-dist/tex/latex/base/utf8.def) [18] [19]
Overfull \hbox (2.84686pt too wide) in paragraph at lines 1121--1123
[]\T1/ptm/m/n/10 A char-ac-ter string giv-ing any ad-di-tional in-for-ma-tion r
e-turned by the op-ti-mizer, or `NULL'. 

Overfull \hbox (23.11601pt too wide) in paragraph at lines 1141--1144
\T1/ptm/m/n/10 Users: \T1/ptm/b/n/10 op-timx \T1/ptm/m/n/10 for R., \T1/ptm/m/i
t/10 Jour-nal of Sta-tis-ti-cal Soft-ware\T1/ptm/m/n/10 , 43(9), 1-14., URL htt
p://www.jstatsoft.org/v43/i09/. 
(/usr/share/texlive/texmf-dist/tex/latex/base/utf8.def) [20] [21]
Overfull \hbox (25.98093pt too wide) in paragraph at lines 1255--1255
 []\T1/zi4/m/n/9 mc <- data.frame(method=c("Nelder-Mead","Rvmmin"), maxit=c(100
0, 100), maxfeval= c(1000, 1000))[] 

Overfull \hbox (16.98093pt too wide) in paragraph at lines 1259--1259
 []\T1/zi4/m/n/9 mc <- data.frame(method=c("Nelder-Mead","Rvmmin"), maxit=c(100
, 100), maxfeval= c(100, 1000))[] 

Overfull \hbox (7.98093pt too wide) in paragraph at lines 1264--1264
 []\T1/zi4/m/n/9 mc <- data.frame(method=c("Nelder-Mead","Rvmmin"), maxit=c(10,
 100), maxfeval= c(10, 1000))[] 
[22] (/tmp/RtmpHSu6DZ/Rd2pdf1ca34e99e64/Rd2.ind [23]

LaTeX Font Warning: Font shape `T1/zi4/m/it' undefined
(Font)              using `T1/zi4/m/n' instead on input line 32.

[24]) (/tmp/RtmpHSu6DZ/Rd2pdf1ca34e99e64/Rd2.aux)

LaTeX Font Warning: Some font shapes were not available, defaults substituted.

 )
(see the transcript file for additional information)pdfTeX warning (dest): name
{Rfn.constrOptim} has been referenced but does not exist, replaced by a fixed o
ne

pdfTeX warning (dest): name{Rfn.hjkb} has been referenced but does not exist, r
eplaced by a fixed one

pdfTeX warning (dest): name{Rfn.nmkb} has been referenced but does not exist, r
eplaced by a fixed one

pdfTeX warning (dest): name{Rfn.ucminf} has been referenced but does not exist,
 replaced by a fixed one

pdfTeX warning (dest): name{Rfn.Rvmmin} has been referenced but does not exist,
 replaced by a fixed one

pdfTeX warning (dest): name{Rfn.Rcgmin} has been referenced but does not exist,
 replaced by a fixed one

pdfTeX warning (dest): name{Rfn.bobyqa} has been referenced but does not exist,
 replaced by a fixed one

pdfTeX warning (dest): name{Rfn.nlminb} has been referenced but does not exist,
 replaced by a fixed one

pdfTeX warning (dest): name{Rfn.nlm} has been referenced but does not exist, re
placed by a fixed one

pdfTeX warning (dest): name{Rfn.spg} has been referenced but does not exist, re
placed by a fixed one

pdfTeX warning (dest): name{Rfn.optimize} has been referenced but does not exis
t, replaced by a fixed one

pdfTeX warning (dest): name{Rfn.optim} has been referenced but does not exist, 
replaced by a fixed one

{/usr/share/texlive/texmf-dist/fonts/enc/dvips/inconsolata/i4-ts1.enc}{/usr/sha
re/texlive/texmf-dist/fonts/enc/dvips/base/8r.enc}{/usr/share/texlive/texmf-dis
t/fonts/enc/dvips/inconsolata/i4-t1-0.enc}</usr/share/texlive/texmf-dist/fonts/
type1/public/inconsolata/Inconsolata-zi4r.pfb></usr/share/texlive/texmf-dist/fo
nts/type1/public/amsfonts/cm/cmsy10.pfb></usr/share/texlive/texmf-dist/fonts/ty
pe1/urw/helvetic/uhvr8a.pfb></usr/share/texlive/texmf-dist/fonts/type1/urw/time
s/utmb8a.pfb></usr/share/texlive/texmf-dist/fonts/type1/urw/times/utmr8a.pfb></
usr/share/texlive/texmf-dist/fonts/type1/urw/times/utmr8a.pfb></usr/share/texli
ve/texmf-dist/fonts/type1/urw/times/utmri8a.pfb>
Output written on Rd2.pdf (24 pages, 140447 bytes).
Transcript written on Rd2.log.
Saving output to ‘optimr-manual.pdf’ ...
Done
You may want to clean up by 'rm -rf /tmp/RtmpHSu6DZ/Rd2pdf1ca34e99e64'
