This is pdfTeX, Version 3.14159265-2.6-1.40.16 (TeX Live 2015/Debian) (preloaded format=pdflatex 2016.12.11)  14 DEC 2016 22:24
entering extended mode
 restricted \write18 enabled.
 %&-line parsing enabled.
**sumscale16.tex
(./sumscale16.tex
LaTeX2e <2016/02/01>
Babel <3.9q> and hyphenation patterns for 3 language(s) loaded.
(/usr/share/texlive/texmf-dist/tex/latex/base/article.cls
Document Class: article 2014/09/29 v1.4h Standard LaTeX document class
(/usr/share/texlive/texmf-dist/tex/latex/base/size11.clo
File: size11.clo 2014/09/29 v1.4h Standard LaTeX file (size option)
)
\c@part=\count79
\c@section=\count80
\c@subsection=\count81
\c@subsubsection=\count82
\c@paragraph=\count83
\c@subparagraph=\count84
\c@figure=\count85
\c@table=\count86
\abovecaptionskip=\skip41
\belowcaptionskip=\skip42
\bibindent=\dimen102
)
(/usr/share/texlive/texmf-dist/tex/latex/graphics/graphicx.sty
Package: graphicx 2014/10/28 v1.0g Enhanced LaTeX Graphics (DPC,SPQR)

(/usr/share/texlive/texmf-dist/tex/latex/graphics/keyval.sty
Package: keyval 2014/10/28 v1.15 key=value parser (DPC)
\KV@toks@=\toks14
)
(/usr/share/texlive/texmf-dist/tex/latex/graphics/graphics.sty
Package: graphics 2016/01/03 v1.0q Standard LaTeX Graphics (DPC,SPQR)

(/usr/share/texlive/texmf-dist/tex/latex/graphics/trig.sty
Package: trig 2016/01/03 v1.10 sin cos tan (DPC)
)
(/usr/share/texlive/texmf-dist/tex/latex/latexconfig/graphics.cfg
File: graphics.cfg 2010/04/23 v1.9 graphics configuration of TeX Live
)
Package graphics Info: Driver file: pdftex.def on input line 95.

(/usr/share/texlive/texmf-dist/tex/latex/pdftex-def/pdftex.def
File: pdftex.def 2011/05/27 v0.06d Graphics/color for pdfTeX

(/usr/share/texlive/texmf-dist/tex/generic/oberdiek/infwarerr.sty
Package: infwarerr 2010/04/08 v1.3 Providing info/warning/error messages (HO)
)
(/usr/share/texlive/texmf-dist/tex/generic/oberdiek/ltxcmds.sty
Package: ltxcmds 2011/11/09 v1.22 LaTeX kernel commands for general use (HO)
)
\Gread@gobject=\count87
))
\Gin@req@height=\dimen103
\Gin@req@width=\dimen104
)
(/usr/share/texlive/texmf-dist/tex/latex/graphics/color.sty
Package: color 2016/01/03 v1.1b Standard LaTeX Color (DPC)

(/usr/share/texlive/texmf-dist/tex/latex/latexconfig/color.cfg
File: color.cfg 2007/01/18 v1.5 color configuration of teTeX/TeXLive
)
Package color Info: Driver file: pdftex.def on input line 143.
)
(/usr/share/texlive/texmf-dist/tex/latex/framed/framed.sty
Package: framed 2011/10/22 v 0.96: framed or shaded text with page breaks
\OuterFrameSep=\skip43
\fb@frw=\dimen105
\fb@frh=\dimen106
\FrameRule=\dimen107
\FrameSep=\dimen108
)
(/usr/share/texlive/texmf-dist/tex/latex/base/alltt.sty
Package: alltt 1997/06/16 v2.0g defines alltt environment
)
(/usr/share/texlive/texmf-dist/tex/latex/wrapfig/wrapfig.sty
\wrapoverhang=\dimen109
\WF@size=\dimen110
\c@WF@wrappedlines=\count88
\WF@box=\box26
\WF@everypar=\toks15
Package: wrapfig 2003/01/31  v 3.6
)
(/usr/share/texlive/texmf-dist/tex/latex/natbib/natbib.sty
Package: natbib 2010/09/13 8.31b (PWD, AO)
\bibhang=\skip44
\bibsep=\skip45
LaTeX Info: Redefining \cite on input line 694.
\c@NAT@ctr=\count89
)
(/usr/share/texlive/texmf-dist/tex/latex/url/url.sty
\Urlmuskip=\muskip10
Package: url 2013/09/16  ver 3.4  Verb mode for urls, etc.
)
(/usr/share/texlive/texmf-dist/tex/latex/upquote/upquote.sty
Package: upquote 2012/04/19 v1.3 upright-quote and grave-accent glyphs in verba
tim
) (./sumscale16.aux)
\openout1 = `sumscale16.aux'.

LaTeX Font Info:    Checking defaults for OML/cmm/m/it on input line 66.
LaTeX Font Info:    ... okay on input line 66.
LaTeX Font Info:    Checking defaults for T1/cmr/m/n on input line 66.
LaTeX Font Info:    ... okay on input line 66.
LaTeX Font Info:    Checking defaults for OT1/cmr/m/n on input line 66.
LaTeX Font Info:    ... okay on input line 66.
LaTeX Font Info:    Checking defaults for OMS/cmsy/m/n on input line 66.
LaTeX Font Info:    ... okay on input line 66.
LaTeX Font Info:    Checking defaults for OMX/cmex/m/n on input line 66.
LaTeX Font Info:    ... okay on input line 66.
LaTeX Font Info:    Checking defaults for U/cmr/m/n on input line 66.
LaTeX Font Info:    ... okay on input line 66.
 (/usr/share/texlive/texmf-dist/tex/context/base/supp-pdf.mkii
[Loading MPS to PDF converter (version 2006.09.02).]
\scratchcounter=\count90
\scratchdimen=\dimen111
\scratchbox=\box27
\nofMPsegments=\count91
\nofMParguments=\count92
\everyMPshowfont=\toks16
\MPscratchCnt=\count93
\MPscratchDim=\dimen112
\MPnumerator=\count94
\makeMPintoPDFobject=\count95
\everyMPtoPDFconversion=\toks17
) (/usr/share/texlive/texmf-dist/tex/generic/oberdiek/pdftexcmds.sty
Package: pdftexcmds 2011/11/29 v0.20 Utility functions of pdfTeX for LuaTeX (HO
)

(/usr/share/texlive/texmf-dist/tex/generic/oberdiek/ifluatex.sty
Package: ifluatex 2010/03/01 v1.3 Provides the ifluatex switch (HO)
Package ifluatex Info: LuaTeX not detected.
)
(/usr/share/texlive/texmf-dist/tex/generic/oberdiek/ifpdf.sty
Package: ifpdf 2011/01/30 v2.3 Provides the ifpdf switch (HO)
Package ifpdf Info: pdfTeX in PDF mode is detected.
)
Package pdftexcmds Info: LuaTeX not detected.
Package pdftexcmds Info: \pdf@primitive is available.
Package pdftexcmds Info: \pdf@ifprimitive is available.
Package pdftexcmds Info: \pdfdraftmode found.
)
(/usr/share/texlive/texmf-dist/tex/latex/oberdiek/epstopdf-base.sty
Package: epstopdf-base 2010/02/09 v2.5 Base part for package epstopdf

(/usr/share/texlive/texmf-dist/tex/latex/oberdiek/grfext.sty
Package: grfext 2010/08/19 v1.1 Manage graphics extensions (HO)

(/usr/share/texlive/texmf-dist/tex/generic/oberdiek/kvdefinekeys.sty
Package: kvdefinekeys 2011/04/07 v1.3 Define keys (HO)
))
(/usr/share/texlive/texmf-dist/tex/latex/oberdiek/kvoptions.sty
Package: kvoptions 2011/06/30 v3.11 Key value format for package options (HO)

(/usr/share/texlive/texmf-dist/tex/generic/oberdiek/kvsetkeys.sty
Package: kvsetkeys 2012/04/25 v1.16 Key value parser (HO)

(/usr/share/texlive/texmf-dist/tex/generic/oberdiek/etexcmds.sty
Package: etexcmds 2011/02/16 v1.5 Avoid name clashes with e-TeX commands (HO)
Package etexcmds Info: Could not find \expanded.
(etexcmds)             That can mean that you are not using pdfTeX 1.50 or
(etexcmds)             that some package has redefined \expanded.
(etexcmds)             In the latter case, load this package earlier.
)))
Package grfext Info: Graphics extension search list:
(grfext)             [.png,.pdf,.jpg,.mps,.jpeg,.jbig2,.jb2,.PNG,.PDF,.JPG,.JPE
G,.JBIG2,.JB2,.eps]
(grfext)             \AppendGraphicsExtensions on input line 452.

(/usr/share/texlive/texmf-dist/tex/latex/latexconfig/epstopdf-sys.cfg
File: epstopdf-sys.cfg 2010/07/13 v1.3 Configuration of (r)epstopdf for TeX Liv
e
))
[1

{/var/lib/texmf/fonts/map/pdftex/updmap/pdftex.map}]
LaTeX Font Info:    External font `cmex10' loaded for size
(Font)              <12> on input line 91.
LaTeX Font Info:    External font `cmex10' loaded for size
(Font)              <8> on input line 91.
LaTeX Font Info:    External font `cmex10' loaded for size
(Font)              <6> on input line 91.

Overfull \hbox (20.44202pt too wide) in paragraph at lines 91--91
 [][] 
 []

LaTeX Font Info:    External font `cmex10' loaded for size
(Font)              <10.95> on input line 96.

Overfull \hbox (7.91602pt too wide) in paragraph at lines 124--124
[]\OT1/cmtt/m/n/10.95 Jul 19, 2012 at 10:24 AM, Linh Tran <Tranlm@berkeley.edu>
 wrote:[] 
 []


Overfull \hbox (2.16733pt too wide) in paragraph at lines 124--124
[]\OT1/cmtt/m/n/10.95 > I am desperately hoping there is an easy way to do this
 in R.[] 
 []

[2]
LaTeX Font Info:    Try loading font information for OMS+cmr on input line 133.

 (/usr/share/texlive/texmf-dist/tex/latex/base/omscmr.fd
File: omscmr.fd 2014/09/29 v2.5h Standard LaTeX font definitions
)
LaTeX Font Info:    Font shape `OMS/cmr/m/n' in size <10.95> not available
(Font)              Font shape `OMS/cmsy/m/n' tried instead on input line 133.
 [3]
Package color Info: Redefining color shadecolor on input line 181.
LaTeX Font Info:    Font shape `OT1/cmtt/bx/n' in size <8> not available
(Font)              Font shape `OT1/cmtt/m/n' tried instead on input line 183.
LaTeX Font Info:    Try loading font information for OMS+cmtt on input line 183
.

(/usr/share/R/share/texmf/tex/latex/omscmtt.fd
File: omscmtt.fd 
)
LaTeX Font Info:    Font shape `OMS/cmtt/m/n' in size <8> not available
(Font)              Font shape `OMS/cmsy/m/n' tried instead on input line 183.
 [4]
Package color Info: Redefining color shadecolor on input line 229.
Package color Info: Redefining color shadecolor on input line 269.
 [5]
Package color Info: Redefining color shadecolor on input line 290.

Overfull \hbox (19.38586pt too wide) in paragraph at lines 294--294
[][]\OT1/cmtt/m/it/8 ## mset<-c("L-BFGS-B", "BFGS", "CG", "spg", "ucminf", "nlm
", "nlminb", "Rvmmin", "Rcgmin")[][] 
 []


Overfull \hbox (18.25543pt too wide) in paragraph at lines 298--298
[][]\OT1/cmtt/m/n/8 a5gb[][]<-[][]opm[][]([][]2[][]:[][]n[][]/[][]n[][]^[][]2[]
[], nll, nll.g,[] []lower[][]=[][]0[][],[] []upper[][]=[][]1[][],[] []method[][
]=mset,[] []control[][]=[][]list[][]([][]dowarn[][]=[][]FALSE[][]))[][] 
 []

[6]
Package color Info: Redefining color shadecolor on input line 395.

Overfull \hbox (5.50525pt too wide) in paragraph at lines 402--402
[][]\OT1/cmtt/m/n/8 tspg[][]<-[][]system.time[][](aspg[] []<-[] []spg[][]([][]p
ar[][]=([][]1[][]:[][]n)[][]/[][]n[][]^[][]2[][],[] []fn[][]=nllrv,[] []gr[][]=
nllrv.g,[] []project[][]=proj))[[[][]3[][]]][][] 
 []


Overfull \hbox (1.25519pt too wide) in paragraph at lines 408--408
[][]\OT1/cmtt/m/n/8 tspgn[][]<-[][]system.time[][](aspgn[] []<-[] []spg[][]([][
]par[][]=([][]1[][]:[][]n)[][]/[][]n[][]^[][]2[][],[] []fn[][]=nllrv,[] []gr[][
]=[][]NULL[][],[] []project[][]=proj))[[[][]3[][]]][][] 
 []


Overfull \hbox (103.25665pt too wide) in paragraph at lines 433--433
[][]\OT1/cmtt/m/n/8 cat[][]([][]"deviations:  with gradient="[][],[][]max[][]([
][]abs[][](aspg[][]$[][]par[][]-[][]pbest)),[][]"   num. approx.="[][],[][]max[
][]([][]abs[][](aspgn[][]$[][]par[][]-[][]pbest)),[][]"\OMS/cmsy/m/n/8 n\OT1/cm
tt/m/n/8 n"[][])[][] 
 []

[7]
Package color Info: Redefining color shadecolor on input line 448.

Overfull \hbox (14.00537pt too wide) in paragraph at lines 451--451
[][]\OT1/cmtt/m/n/8 tspgh[][]<-[][]system.time[][](aspgh[] []<-[] []spg[][]([][
]par[][]=([][]1[][]:[][]n)[][]/[][]n[][]^[][]2[][],[] []fn[][]=nllrv,[] []gr[][
]=nllrv.g,[] []project[][]=proj))[[[][]3[][]]][][] 
 []


Overfull \hbox (9.75531pt too wide) in paragraph at lines 457--457
[][]\OT1/cmtt/m/n/8 tspgnh[][]<-[][]system.time[][](aspgnh[] []<-[] []spg[][]([
][]par[][]=([][]1[][]:[][]n)[][]/[][]n[][]^[][]2[][],[] []fn[][]=nllrv,[] []gr[
][]=[][]NULL[][],[] []project[][]=proj))[[[][]3[][]]][][] 
 []


Overfull \hbox (120.2569pt too wide) in paragraph at lines 482--482
[][]\OT1/cmtt/m/n/8 cat[][]([][]"deviations:  with gradient="[][],[][]max[][]([
][]abs[][](aspgh[][]$[][]par[][]-[][]pbesth)),[][]"   num. approx.="[][],[][]ma
x[][]([][]abs[][](aspgnh[][]$[][]par[][]-[][]pbesth)),[][]"\OMS/cmsy/m/n/8 n\OT
1/cmtt/m/n/8 n"[][])[][] 
 []

[8]
Package color Info: Redefining color shadecolor on input line 527.
Package color Info: Redefining color shadecolor on input line 552.
 [9]
Package color Info: Redefining color shadecolor on input line 611.

Overfull \hbox (18.25543pt too wide) in paragraph at lines 622--622
[][]\OT1/cmtt/m/n/8 tym[][]<-[][]system.time[][](acgbig[][]<-[][]Rcgmin[][](st,
 enll, enll.g,[] []control[][]=[][]list[][]([][]trace[][]=[][]0[][],[] []tol[][
]=[][]1e-32[][])))[[[][]3[][]]][][] 
 []

[10]
Package color Info: Redefining color shadecolor on input line 656.
Package color Info: Redefining color shadecolor on input line 684.
 [11]
Package color Info: Redefining color shadecolor on input line 726.

Overfull \hbox (26.75555pt too wide) in paragraph at lines 732--733
[]\OT1/cmtt/m/n/8 ## Warning in commonArgs(par + 0, fn, control, environment())
: maxfun < 10 * length(par)^2
 []


Overfull \hbox (9.75531pt too wide) in paragraph at lines 734--735
[]\OT1/cmtt/m/n/8 ## Warning in commonArgs(par, fn, control, environment()): ma
xfun < 10 * length(par)^2
 []


Overfull \hbox (1.25519pt too wide) in paragraph at lines 736--737
[]\OT1/cmtt/m/n/8 ## Warning in nmk(par = spar, fn = efn, control = mcontrol, .
..): Nelder-Mead should
 []


Overfull \hbox (18.25543pt too wide) in paragraph at lines 738--738
[]\OT1/cmtt/m/n/8 ## Warning in optimr(par, fn, gr, method = meth, lower = lowe
r, upper = upper, : Maximum
 []

[12]
Package color Info: Redefining color shadecolor on input line 818.

Overfull \hbox (22.5055pt too wide) in paragraph at lines 849--849
[]\OT1/cmtt/m/n/8 ## Warning in spg(x, fn = raynum, project = proj, A = A): con
vergence tolerance satisified
 []

[13] [14]
Package color Info: Redefining color shadecolor on input line 907.

Overfull \hbox (31.00562pt too wide) in paragraph at lines 929--929
[]\OT1/cmtt/m/n/8 ## Warning in optimr(par, fn, gr, method = meth, lower = lowe
r, upper = upper, : Successful
 []

[15]
Package color Info: Redefining color shadecolor on input line 963.
LaTeX Font Info:    Font shape `OMS/cmtt/m/it' in size <8> not available
(Font)              Font shape `OMS/cmsy/m/n' tried instead on input line 973.
Package color Info: Redefining color shadecolor on input line 1010.
 [16] (./sumscale16.bbl
Underfull \hbox (badness 1024) in paragraph at lines 22--28
\OT1/cmtt/m/n/10.95 ca / []nashjc / RQtimes . pdf$ \OT1/cmr/m/n/10.95 and $\OT1
/cmtt/m/n/10.95 http : / / macnash . telfer . uottawa . ca /
 []

[17]) [18] (./sumscale16.aux) ) 
Here is how much of TeX's memory you used:
 2174 strings out of 494953
 30051 string characters out of 6180976
 98087 words of memory out of 5000000
 5425 multiletter control sequences out of 15000+600000
 10587 words of font info for 38 fonts, out of 8000000 for 9000
 14 hyphenation exceptions out of 8191
 38i,6n,23p,362b,302s stack positions out of 5000i,500n,10000p,200000b,80000s
</usr/share/texlive/texmf-dist/fonts/type1/publi
c/amsfonts/cm/cmbx10.pfb></usr/share/texlive/texmf-dist/fonts/type1/public/amsf
onts/cm/cmbx12.pfb></usr/share/texlive/texmf-dist/fonts/type1/public/amsfonts/c
m/cmbx8.pfb></usr/share/texlive/texmf-dist/fonts/type1/public/amsfonts/cm/cmex1
0.pfb></usr/share/texlive/texmf-dist/fonts/type1/public/amsfonts/cm/cmitt10.pfb
></usr/share/texlive/texmf-dist/fonts/type1/public/amsfonts/cm/cmmi10.pfb></usr
/share/texlive/texmf-dist/fonts/type1/public/amsfonts/cm/cmmi12.pfb></usr/share
/texlive/texmf-dist/fonts/type1/public/amsfonts/cm/cmmi8.pfb></usr/share/texliv
e/texmf-dist/fonts/type1/public/amsfonts/cm/cmr10.pfb></usr/share/texlive/texmf
-dist/fonts/type1/public/amsfonts/cm/cmr12.pfb></usr/share/texlive/texmf-dist/f
onts/type1/public/amsfonts/cm/cmr17.pfb></usr/share/texlive/texmf-dist/fonts/ty
pe1/public/amsfonts/cm/cmr8.pfb></usr/share/texlive/texmf-dist/fonts/type1/publ
ic/amsfonts/cm/cmss10.pfb></usr/share/texlive/texmf-dist/fonts/type1/public/ams
fonts/cm/cmsy10.pfb></usr/share/texlive/texmf-dist/fonts/type1/public/amsfonts/
cm/cmsy8.pfb></usr/share/texlive/texmf-dist/fonts/type1/public/amsfonts/cm/cmti
10.pfb></usr/share/texlive/texmf-dist/fonts/type1/public/amsfonts/cm/cmtt10.pfb
></usr/share/texlive/texmf-dist/fonts/type1/public/amsfonts/cm/cmtt8.pfb>
Output written on sumscale16.pdf (18 pages, 248094 bytes).
PDF statistics:
 134 PDF objects out of 1000 (max. 8388607)
 95 compressed objects within 1 object stream
 0 named destinations out of 1000 (max. 500000)
 1 words of extra memory for PDF output out of 10000 (max. 10000000)

